#
# A fatal error has been detected by the Java Runtime Environment:
#
#  SIGSEGV (0xb) at pc=0x00007ff81bdf67d8, pid=82842, tid=122699
#
# JRE version: OpenJDK Runtime Environment Temurin-23+37 (23.0+37) (build 23+37)
# Java VM: OpenJDK 64-Bit Server VM Temurin-23+37 (23+37, mixed mode, sharing, tiered, compressed oops, compressed class ptrs, g1 gc, bsd-amd64)
# Problematic frame:
# C  [CoreVideo+0x37d8]  CVXTime::translateTime(CVTimeStamp const*, CVTimeStamp*) const+0x1a
#
# No core dump will be written. Core dumps have been disabled. To enable core dumping, try "ulimit -c unlimited" before starting Java again
#
# If you would like to submit a bug report, please visit:
#   https://github.com/adoptium/adoptium-support/issues
#

---------------  S U M M A R Y ------------

Command Line: -Dfile.encoding=UTF-8 -Dstdout.encoding=UTF-8 -Dstderr.encoding=UTF-8 -XX:+ShowCodeDetailsInExceptionMessages game.YourGameName

Host: "Mac14,2" x86_64 (EMULATED) 2400 MHz, 8 cores, 8G, Darwin 23.6.0, macOS 14.7 (23H124)
Time: Fri Mar  7 13:16:41 2025 EST elapsed time: 684.247010 seconds (0d 0h 11m 24s)

---------------  T H R E A D  ---------------

Current thread is native thread

Stack: [0x0000000309a1f000,0x0000000309a9f000],  sp=0x0000000309a9eca0,  free space=511k
Native frames: (J=compiled Java code, j=interpreted, Vv=VM code, C=native code)
C  [CoreVideo+0x37d8]  CVXTime::translateTime(CVTimeStamp const*, CVTimeStamp*) const+0x1a
C  [CoreVideo+0x34c8]  CVDisplayLink::calculateNextWakeUpTime(CVTimeStamp*, CVTimeStamp*, bool)+0x124
C  [CoreVideo+0x2aaa]  CVDisplayLink::runIOThread()+0x188
C  [libsystem_pthread.dylib+0x618b]  _pthread_start+0x63
C  [libsystem_pthread.dylib+0x1ae3]  thread_start+0xf

siginfo: si_signo: 11 (SIGSEGV), si_code: 1 (SEGV_MAPERR), si_addr: 0x0000359f22d82138

Registers:
RAX=0x0000359f22d81f80, RBX=0x0000000309a9ee30, RCX=0x0000000000000000, RDX=0x0000000309a9ee30
RSP=0x0000000309a9eca0, RBP=0x0000000309a9ecd0, RSI=0x0000000309a9ece0, RDI=0x0000600002931f80
R8 =0x00007ff854654d80, R9 =0x00007fc4248dd698, R10=0x00007fc4248dd690, R11=0x00007fc4248dd694
R12=0x0000000309a9ee30, R13=0x0000000309a9ece0, R14=0x00007fc4248dd620, R15=0x0000600002931f80
RIP=0x00007ff81bdf67d8, EFLAGS=0x0000000000000246, ERR=0x0000000000000004
  TRAPNO=0x000000000000000e


Top of Stack: (sp=0x0000000309a9eca0)
0x0000000309a9eca0:   0000000002faf07e 0000000309a9ee30
0x0000000309a9ecb0:   00007fc4248dd718 0000000000000000
0x0000000309a9ecc0:   00007fc4248dd620 00007fc4248dd6d8
0x0000000309a9ecd0:   0000000309a9ee20 00007ff81bdf64c8
0x0000000309a9ece0:   3b9aca0000000000 0002f7228dcb4744
0x0000000309a9ecf0:   0002f7228aadffb1 3ff0000000000000
0x0000000309a9ed00:   0000000000fe502a 0000000000000000
0x0000000309a9ed10:   0000000000000000 0000000000000000
0x0000000309a9ed20:   0000000000000001 0000000000000000
0x0000000309a9ed30:   0000000309a9ed50 00007ff812a834af
0x0000000309a9ed40:   000000000000003c 00007fc4248dd638
0x0000000309a9ed50:   0000000309a9ede0 00007ff812a88780
0x0000000309a9ed60:   0002f7228aadffb1 3ff0000000000000
0x0000000309a9ed70:   0000000000fe502a 0000020000000000
0x0000000309a9ed80:   0000000000000000 0000000000000000
0x0000000309a9ed90:   0000000000000000 0000000000000000
0x0000000309a9eda0:   0000000000000000 0000000000000000
0x0000000309a9edb0:   0000000000000000 0000000000000002
0x0000000309a9edc0:   0000000000000000 00007fc4248dd818
0x0000000309a9edd0:   0000000309a9edf0 0000000012a83909
0x0000000309a9ede0:   00007fc4248dd800 0000000000000000
0x0000000309a9edf0:   0002f7228e37341d 00007fc4248dd620
0x0000000309a9ee00:   00007fc4248dd718 0000000000000000
0x0000000309a9ee10:   0000000309a9ee98 00007fc4248dd6d8
0x0000000309a9ee20:   0000000309a9efb0 00007ff81bdf5aaa
0x0000000309a9ee30:   0000000000000000 0000000000000000
0x0000000309a9ee40:   0000000000000000 0000000000000000
0x0000000309a9ee50:   0000000000000000 0000000000000000
0x0000000309a9ee60:   0000000000000000 0000000000000000
0x0000000309a9ee70:   0000000000000013 0000000000000000
0x0000000309a9ee80:   0000000000000000 00007fc4248dd638
0x0000000309a9ee90:   0000000000000000 0000000000000000 

Instructions: (pc=0x00007ff81bdf67d8)
0x00007ff81bdf66d8:   74 10 8c 38 48 8d 35 d5 d8 85 38 f2 0f 11 55 b0
0x00007ff81bdf66e8:   e8 2d 8e 03 00 f2 0f 10 55 b0 e9 1f ff ff ff f2
0x00007ff81bdf66f8:   4c 0f 2c d0 4d 8b 8e b8 01 00 00 48 8d 35 0c a8
0x00007ff81bdf6708:   03 00 bf 02 00 00 00 4c 89 f2 48 8b 4d d0 31 c0
0x00007ff81bdf6718:   41 52 41 ff b6 30 02 00 00 e8 c9 54 01 00 48 83
0x00007ff81bdf6728:   c4 10 49 8b be 38 02 00 00 e8 48 f5 ff ff 49 8b
0x00007ff81bdf6738:   be 38 02 00 00 e8 7c f5 ff ff 49 8b 06 4c 89 f7
0x00007ff81bdf6748:   48 8b 75 c0 ff 90 88 00 00 00 49 c7 86 30 02 00
0x00007ff81bdf6758:   00 00 00 00 00 49 8b 06 4c 89 f7 48 89 de ff 90
0x00007ff81bdf6768:   88 00 00 00 48 81 c4 18 01 00 00 5b 41 5c 41 5d
0x00007ff81bdf6778:   41 5e 41 5f 5d c3 55 48 89 e5 41 57 41 56 53 50
0x00007ff81bdf6788:   48 89 fb 4c 8d 77 18 4c 89 f7 e8 95 90 03 00 4c
0x00007ff81bdf6798:   8b bb b8 01 00 00 48 8b 9b c0 01 00 00 4c 89 f7
0x00007ff81bdf67a8:   e8 85 90 03 00 4c 89 f8 48 89 da 48 83 c4 08 5b
0x00007ff81bdf67b8:   41 5e 41 5f 5d c3 55 48 89 e5 41 57 41 56 41 55
0x00007ff81bdf67c8:   41 54 53 50 49 89 d4 49 89 f5 49 89 ff 48 8b 07
0x00007ff81bdf67d8:   4c 8b b0 b8 01 00 00 8b 98 c0 01 00 00 48 8b 4e
0x00007ff81bdf67e8:   08 4c 8b 46 10 4c 8b 4e 40 48 8d 35 22 af 04 00
0x00007ff81bdf67f8:   bf 05 00 00 00 4c 89 fa 31 c0 e8 e8 53 01 00 49
0x00007ff81bdf6808:   8b 4c 24 08 4d 8b 44 24 10 4d 8b 4c 24 40 45 8b
0x00007ff81bdf6818:   54 24 04 f2 41 0f 10 44 24 18 48 8d 35 3c af 04
0x00007ff81bdf6828:   00 bf 05 00 00 00 4c 89 fa b0 01 41 ff 74 24 20
0x00007ff81bdf6838:   41 52 e8 b0 53 01 00 48 83 c4 10 48 8d 35 a5 af
0x00007ff81bdf6848:   04 00 bf 05 00 00 00 4c 89 fa 4c 89 f1 41 89 d8
0x00007ff81bdf6858:   31 c0 e8 90 53 01 00 49 8b 4f 58 45 8b 47 50 48
0x00007ff81bdf6868:   8d 35 d0 af 04 00 bf 05 00 00 00 4c 89 fa 31 c0
0x00007ff81bdf6878:   e8 72 53 01 00 f2 41 0f 10 4f 10 0f 14 0d 86 c7
0x00007ff81bdf6888:   04 00 66 0f 5c 0d 8e c7 04 00 f2 41 0f 10 47 48
0x00007ff81bdf6898:   66 0f 7c c9 48 8d 35 de af 04 00 bf 05 00 00 00
0x00007ff81bdf68a8:   4c 89 fa b0 02 e8 3d 53 01 00 4d 8b 4c 24 40 41
0x00007ff81bdf68b8:   f6 c1 01 0f 84 94 00 00 00 49 8b 45 40 a8 01 75
0x00007ff81bdf68c8:   08 a8 02 75 0a 31 c0 eb 7f 49 8b 45 08 eb 79 49 



---------------  P R O C E S S  ---------------

VM state: not at safepoint (normal execution)

VM Mutex/Monitor currently owned by a thread: None

Heap address: 0x0000000780000000, size: 2048 MB, Compressed Oops mode: Zero based, Oop shift amount: 3

CDS archive(s) mapped at: [0x0000000126000000-0x0000000126d92000-0x0000000126d92000), size 14229504, SharedBaseAddress: 0x0000000126000000, ArchiveRelocationMode: 1.
Compressed class space mapped at: 0x0000000127000000-0x0000000167000000, reserved size: 1073741824
Narrow klass base: 0x0000000126000000, Narrow klass shift: 0, Narrow klass range: 0x100000000

GC Precious Log:
<Skipped>

Heap:
 garbage-first heap   total reserved 2097152K, committed 133120K, used 9027K [0x0000000780000000, 0x0000000800000000)
  region size 1024K, 6 young (6144K), 1 survivors (1024K)
 Metaspace       used 5526K, committed 5760K, reserved 1114112K
  class space    used 552K, committed 704K, reserved 1048576K

Heap Regions: E=young(eden), S=young(survivor), O=old, HS=humongous(starts), HC=humongous(continues), CS=collection set, F=free, TAMS=top-at-mark-start, PB=parsable bottom
|   0|0x0000000780000000, 0x0000000780100000, 0x0000000780100000|100%|HS|  |TAMS 0x0000000780000000| PB 0x0000000780000000| Complete |  0
|   1|0x0000000780100000, 0x0000000780200000, 0x0000000780200000|100%|HC|  |TAMS 0x0000000780100000| PB 0x0000000780100000| Complete |  0
|   2|0x0000000780200000, 0x0000000780300000, 0x0000000780300000|100%| O|  |TAMS 0x0000000780200000| PB 0x0000000780200000| Untracked |  0
|   3|0x0000000780300000, 0x000000078031e350, 0x0000000780400000| 11%| O|  |TAMS 0x0000000780300000| PB 0x0000000780300000| Untracked |  0
|   4|0x0000000780400000, 0x0000000780400000, 0x0000000780500000|  0%| F|  |TAMS 0x0000000780400000| PB 0x0000000780400000| Untracked |  0
|   5|0x0000000780500000, 0x0000000780500000, 0x0000000780600000|  0%| F|  |TAMS 0x0000000780500000| PB 0x0000000780500000| Untracked |  0
|   6|0x0000000780600000, 0x0000000780600000, 0x0000000780700000|  0%| F|  |TAMS 0x0000000780600000| PB 0x0000000780600000| Untracked |  0
|   7|0x0000000780700000, 0x0000000780700000, 0x0000000780800000|  0%| F|  |TAMS 0x0000000780700000| PB 0x0000000780700000| Untracked |  0
|   8|0x0000000780800000, 0x0000000780800000, 0x0000000780900000|  0%| F|  |TAMS 0x0000000780800000| PB 0x0000000780800000| Untracked |  0
|   9|0x0000000780900000, 0x0000000780900000, 0x0000000780a00000|  0%| F|  |TAMS 0x0000000780900000| PB 0x0000000780900000| Untracked |  0
|  10|0x0000000780a00000, 0x0000000780a00000, 0x0000000780b00000|  0%| F|  |TAMS 0x0000000780a00000| PB 0x0000000780a00000| Untracked |  0
|  11|0x0000000780b00000, 0x0000000780b00000, 0x0000000780c00000|  0%| F|  |TAMS 0x0000000780b00000| PB 0x0000000780b00000| Untracked |  0
|  12|0x0000000780c00000, 0x0000000780c00000, 0x0000000780d00000|  0%| F|  |TAMS 0x0000000780c00000| PB 0x0000000780c00000| Untracked |  0
|  13|0x0000000780d00000, 0x0000000780d00000, 0x0000000780e00000|  0%| F|  |TAMS 0x0000000780d00000| PB 0x0000000780d00000| Untracked |  0
|  14|0x0000000780e00000, 0x0000000780e00000, 0x0000000780f00000|  0%| F|  |TAMS 0x0000000780e00000| PB 0x0000000780e00000| Untracked |  0
|  15|0x0000000780f00000, 0x0000000780f00000, 0x0000000781000000|  0%| F|  |TAMS 0x0000000780f00000| PB 0x0000000780f00000| Untracked |  0
|  16|0x0000000781000000, 0x0000000781000000, 0x0000000781100000|  0%| F|  |TAMS 0x0000000781000000| PB 0x0000000781000000| Untracked |  0
|  17|0x0000000781100000, 0x0000000781100000, 0x0000000781200000|  0%| F|  |TAMS 0x0000000781100000| PB 0x0000000781100000| Untracked |  0
|  18|0x0000000781200000, 0x0000000781200000, 0x0000000781300000|  0%| F|  |TAMS 0x0000000781200000| PB 0x0000000781200000| Untracked |  0
|  19|0x0000000781300000, 0x0000000781300000, 0x0000000781400000|  0%| F|  |TAMS 0x0000000781300000| PB 0x0000000781300000| Untracked |  0
|  20|0x0000000781400000, 0x0000000781400000, 0x0000000781500000|  0%| F|  |TAMS 0x0000000781400000| PB 0x0000000781400000| Untracked |  0
|  21|0x0000000781500000, 0x0000000781500000, 0x0000000781600000|  0%| F|  |TAMS 0x0000000781500000| PB 0x0000000781500000| Untracked |  0
|  22|0x0000000781600000, 0x0000000781600000, 0x0000000781700000|  0%| F|  |TAMS 0x0000000781600000| PB 0x0000000781600000| Untracked |  0
|  23|0x0000000781700000, 0x0000000781700000, 0x0000000781800000|  0%| F|  |TAMS 0x0000000781700000| PB 0x0000000781700000| Untracked |  0
|  24|0x0000000781800000, 0x0000000781800000, 0x0000000781900000|  0%| F|  |TAMS 0x0000000781800000| PB 0x0000000781800000| Untracked |  0
|  25|0x0000000781900000, 0x0000000781900000, 0x0000000781a00000|  0%| F|  |TAMS 0x0000000781900000| PB 0x0000000781900000| Untracked |  0
|  26|0x0000000781a00000, 0x0000000781a00000, 0x0000000781b00000|  0%| F|  |TAMS 0x0000000781a00000| PB 0x0000000781a00000| Untracked |  0
|  27|0x0000000781b00000, 0x0000000781b00000, 0x0000000781c00000|  0%| F|  |TAMS 0x0000000781b00000| PB 0x0000000781b00000| Untracked |  0
|  28|0x0000000781c00000, 0x0000000781c00000, 0x0000000781d00000|  0%| F|  |TAMS 0x0000000781c00000| PB 0x0000000781c00000| Untracked |  0
|  29|0x0000000781d00000, 0x0000000781d00000, 0x0000000781e00000|  0%| F|  |TAMS 0x0000000781d00000| PB 0x0000000781d00000| Untracked |  0
|  30|0x0000000781e00000, 0x0000000781e00000, 0x0000000781f00000|  0%| F|  |TAMS 0x0000000781e00000| PB 0x0000000781e00000| Untracked |  0
|  31|0x0000000781f00000, 0x0000000781f00000, 0x0000000782000000|  0%| F|  |TAMS 0x0000000781f00000| PB 0x0000000781f00000| Untracked |  0
|  32|0x0000000782000000, 0x0000000782000000, 0x0000000782100000|  0%| F|  |TAMS 0x0000000782000000| PB 0x0000000782000000| Untracked |  0
|  33|0x0000000782100000, 0x0000000782100000, 0x0000000782200000|  0%| F|  |TAMS 0x0000000782100000| PB 0x0000000782100000| Untracked |  0
|  34|0x0000000782200000, 0x0000000782200000, 0x0000000782300000|  0%| F|  |TAMS 0x0000000782200000| PB 0x0000000782200000| Untracked |  0
|  35|0x0000000782300000, 0x0000000782300000, 0x0000000782400000|  0%| F|  |TAMS 0x0000000782300000| PB 0x0000000782300000| Untracked |  0
|  36|0x0000000782400000, 0x0000000782400000, 0x0000000782500000|  0%| F|  |TAMS 0x0000000782400000| PB 0x0000000782400000| Untracked |  0
|  37|0x0000000782500000, 0x0000000782500000, 0x0000000782600000|  0%| F|  |TAMS 0x0000000782500000| PB 0x0000000782500000| Untracked |  0
|  38|0x0000000782600000, 0x0000000782600000, 0x0000000782700000|  0%| F|  |TAMS 0x0000000782600000| PB 0x0000000782600000| Untracked |  0
|  39|0x0000000782700000, 0x0000000782700000, 0x0000000782800000|  0%| F|  |TAMS 0x0000000782700000| PB 0x0000000782700000| Untracked |  0
|  40|0x0000000782800000, 0x0000000782800000, 0x0000000782900000|  0%| F|  |TAMS 0x0000000782800000| PB 0x0000000782800000| Untracked |  0
|  41|0x0000000782900000, 0x0000000782900000, 0x0000000782a00000|  0%| F|  |TAMS 0x0000000782900000| PB 0x0000000782900000| Untracked |  0
|  42|0x0000000782a00000, 0x0000000782a00000, 0x0000000782b00000|  0%| F|  |TAMS 0x0000000782a00000| PB 0x0000000782a00000| Untracked |  0
|  43|0x0000000782b00000, 0x0000000782b00000, 0x0000000782c00000|  0%| F|  |TAMS 0x0000000782b00000| PB 0x0000000782b00000| Untracked |  0
|  44|0x0000000782c00000, 0x0000000782c00000, 0x0000000782d00000|  0%| F|  |TAMS 0x0000000782c00000| PB 0x0000000782c00000| Untracked |  0
|  45|0x0000000782d00000, 0x0000000782d00000, 0x0000000782e00000|  0%| F|  |TAMS 0x0000000782d00000| PB 0x0000000782d00000| Untracked |  0
|  46|0x0000000782e00000, 0x0000000782e00000, 0x0000000782f00000|  0%| F|  |TAMS 0x0000000782e00000| PB 0x0000000782e00000| Untracked |  0
|  47|0x0000000782f00000, 0x0000000782f00000, 0x0000000783000000|  0%| F|  |TAMS 0x0000000782f00000| PB 0x0000000782f00000| Untracked |  0
|  48|0x0000000783000000, 0x0000000783000000, 0x0000000783100000|  0%| F|  |TAMS 0x0000000783000000| PB 0x0000000783000000| Untracked |  0
|  49|0x0000000783100000, 0x0000000783100000, 0x0000000783200000|  0%| F|  |TAMS 0x0000000783100000| PB 0x0000000783100000| Untracked |  0
|  50|0x0000000783200000, 0x0000000783200000, 0x0000000783300000|  0%| F|  |TAMS 0x0000000783200000| PB 0x0000000783200000| Untracked |  0
|  51|0x0000000783300000, 0x0000000783300000, 0x0000000783400000|  0%| F|  |TAMS 0x0000000783300000| PB 0x0000000783300000| Untracked |  0
|  52|0x0000000783400000, 0x0000000783400000, 0x0000000783500000|  0%| F|  |TAMS 0x0000000783400000| PB 0x0000000783400000| Untracked |  0
|  53|0x0000000783500000, 0x0000000783500000, 0x0000000783600000|  0%| F|  |TAMS 0x0000000783500000| PB 0x0000000783500000| Untracked |  0
|  54|0x0000000783600000, 0x0000000783600000, 0x0000000783700000|  0%| F|  |TAMS 0x0000000783600000| PB 0x0000000783600000| Untracked |  0
|  55|0x0000000783700000, 0x0000000783700000, 0x0000000783800000|  0%| F|  |TAMS 0x0000000783700000| PB 0x0000000783700000| Untracked |  0
|  56|0x0000000783800000, 0x0000000783800000, 0x0000000783900000|  0%| F|  |TAMS 0x0000000783800000| PB 0x0000000783800000| Untracked |  0
|  57|0x0000000783900000, 0x0000000783900000, 0x0000000783a00000|  0%| F|  |TAMS 0x0000000783900000| PB 0x0000000783900000| Untracked |  0
|  58|0x0000000783a00000, 0x0000000783a00000, 0x0000000783b00000|  0%| F|  |TAMS 0x0000000783a00000| PB 0x0000000783a00000| Untracked |  0
|  59|0x0000000783b00000, 0x0000000783b00000, 0x0000000783c00000|  0%| F|  |TAMS 0x0000000783b00000| PB 0x0000000783b00000| Untracked |  0
|  60|0x0000000783c00000, 0x0000000783c00000, 0x0000000783d00000|  0%| F|  |TAMS 0x0000000783c00000| PB 0x0000000783c00000| Untracked |  0
|  61|0x0000000783d00000, 0x0000000783d00000, 0x0000000783e00000|  0%| F|  |TAMS 0x0000000783d00000| PB 0x0000000783d00000| Untracked |  0
|  62|0x0000000783e00000, 0x0000000783e00000, 0x0000000783f00000|  0%| F|  |TAMS 0x0000000783e00000| PB 0x0000000783e00000| Untracked |  0
|  63|0x0000000783f00000, 0x0000000783f00000, 0x0000000784000000|  0%| F|  |TAMS 0x0000000783f00000| PB 0x0000000783f00000| Untracked |  0
|  64|0x0000000784000000, 0x0000000784000000, 0x0000000784100000|  0%| F|  |TAMS 0x0000000784000000| PB 0x0000000784000000| Untracked |  0
|  65|0x0000000784100000, 0x0000000784100000, 0x0000000784200000|  0%| F|  |TAMS 0x0000000784100000| PB 0x0000000784100000| Untracked |  0
|  66|0x0000000784200000, 0x0000000784200000, 0x0000000784300000|  0%| F|  |TAMS 0x0000000784200000| PB 0x0000000784200000| Untracked |  0
|  67|0x0000000784300000, 0x0000000784300000, 0x0000000784400000|  0%| F|  |TAMS 0x0000000784300000| PB 0x0000000784300000| Untracked |  0
|  68|0x0000000784400000, 0x0000000784400000, 0x0000000784500000|  0%| F|  |TAMS 0x0000000784400000| PB 0x0000000784400000| Untracked |  0
|  69|0x0000000784500000, 0x0000000784500000, 0x0000000784600000|  0%| F|  |TAMS 0x0000000784500000| PB 0x0000000784500000| Untracked |  0
|  70|0x0000000784600000, 0x0000000784600000, 0x0000000784700000|  0%| F|  |TAMS 0x0000000784600000| PB 0x0000000784600000| Untracked |  0
|  71|0x0000000784700000, 0x0000000784700000, 0x0000000784800000|  0%| F|  |TAMS 0x0000000784700000| PB 0x0000000784700000| Untracked |  0
|  72|0x0000000784800000, 0x0000000784800000, 0x0000000784900000|  0%| F|  |TAMS 0x0000000784800000| PB 0x0000000784800000| Untracked |  0
|  73|0x0000000784900000, 0x0000000784900000, 0x0000000784a00000|  0%| F|  |TAMS 0x0000000784900000| PB 0x0000000784900000| Untracked |  0
|  74|0x0000000784a00000, 0x0000000784a00000, 0x0000000784b00000|  0%| F|  |TAMS 0x0000000784a00000| PB 0x0000000784a00000| Untracked |  0
|  75|0x0000000784b00000, 0x0000000784b00000, 0x0000000784c00000|  0%| F|  |TAMS 0x0000000784b00000| PB 0x0000000784b00000| Untracked |  0
|  76|0x0000000784c00000, 0x0000000784c00000, 0x0000000784d00000|  0%| F|  |TAMS 0x0000000784c00000| PB 0x0000000784c00000| Untracked |  0
|  77|0x0000000784d00000, 0x0000000784d00000, 0x0000000784e00000|  0%| F|  |TAMS 0x0000000784d00000| PB 0x0000000784d00000| Untracked |  0
|  78|0x0000000784e00000, 0x0000000784e00000, 0x0000000784f00000|  0%| F|  |TAMS 0x0000000784e00000| PB 0x0000000784e00000| Untracked |  0
|  79|0x0000000784f00000, 0x0000000784f00000, 0x0000000785000000|  0%| F|  |TAMS 0x0000000784f00000| PB 0x0000000784f00000| Untracked |  0
|  80|0x0000000785000000, 0x0000000785000000, 0x0000000785100000|  0%| F|  |TAMS 0x0000000785000000| PB 0x0000000785000000| Untracked |  0
|  81|0x0000000785100000, 0x0000000785100000, 0x0000000785200000|  0%| F|  |TAMS 0x0000000785100000| PB 0x0000000785100000| Untracked |  0
|  82|0x0000000785200000, 0x0000000785200000, 0x0000000785300000|  0%| F|  |TAMS 0x0000000785200000| PB 0x0000000785200000| Untracked |  0
|  83|0x0000000785300000, 0x0000000785300000, 0x0000000785400000|  0%| F|  |TAMS 0x0000000785300000| PB 0x0000000785300000| Untracked |  0
|  84|0x0000000785400000, 0x0000000785400000, 0x0000000785500000|  0%| F|  |TAMS 0x0000000785400000| PB 0x0000000785400000| Untracked |  0
|  85|0x0000000785500000, 0x0000000785500000, 0x0000000785600000|  0%| F|  |TAMS 0x0000000785500000| PB 0x0000000785500000| Untracked |  0
|  86|0x0000000785600000, 0x0000000785600000, 0x0000000785700000|  0%| F|  |TAMS 0x0000000785600000| PB 0x0000000785600000| Untracked |  0
|  87|0x0000000785700000, 0x0000000785700000, 0x0000000785800000|  0%| F|  |TAMS 0x0000000785700000| PB 0x0000000785700000| Untracked |  0
|  88|0x0000000785800000, 0x0000000785800000, 0x0000000785900000|  0%| F|  |TAMS 0x0000000785800000| PB 0x0000000785800000| Untracked |  0
|  89|0x0000000785900000, 0x0000000785900000, 0x0000000785a00000|  0%| F|  |TAMS 0x0000000785900000| PB 0x0000000785900000| Untracked |  0
|  90|0x0000000785a00000, 0x0000000785a00000, 0x0000000785b00000|  0%| F|  |TAMS 0x0000000785a00000| PB 0x0000000785a00000| Untracked |  0
|  91|0x0000000785b00000, 0x0000000785b00000, 0x0000000785c00000|  0%| F|  |TAMS 0x0000000785b00000| PB 0x0000000785b00000| Untracked |  0
|  92|0x0000000785c00000, 0x0000000785c00000, 0x0000000785d00000|  0%| F|  |TAMS 0x0000000785c00000| PB 0x0000000785c00000| Untracked |  0
|  93|0x0000000785d00000, 0x0000000785d00000, 0x0000000785e00000|  0%| F|  |TAMS 0x0000000785d00000| PB 0x0000000785d00000| Untracked |  0
|  94|0x0000000785e00000, 0x0000000785e00000, 0x0000000785f00000|  0%| F|  |TAMS 0x0000000785e00000| PB 0x0000000785e00000| Untracked |  0
|  95|0x0000000785f00000, 0x0000000785f00000, 0x0000000786000000|  0%| F|  |TAMS 0x0000000785f00000| PB 0x0000000785f00000| Untracked |  0
|  96|0x0000000786000000, 0x0000000786000000, 0x0000000786100000|  0%| F|  |TAMS 0x0000000786000000| PB 0x0000000786000000| Untracked |  0
|  97|0x0000000786100000, 0x0000000786100000, 0x0000000786200000|  0%| F|  |TAMS 0x0000000786100000| PB 0x0000000786100000| Untracked |  0
|  98|0x0000000786200000, 0x0000000786200000, 0x0000000786300000|  0%| F|  |TAMS 0x0000000786200000| PB 0x0000000786200000| Untracked |  0
|  99|0x0000000786300000, 0x0000000786300000, 0x0000000786400000|  0%| F|  |TAMS 0x0000000786300000| PB 0x0000000786300000| Untracked |  0
| 100|0x0000000786400000, 0x0000000786400000, 0x0000000786500000|  0%| F|  |TAMS 0x0000000786400000| PB 0x0000000786400000| Untracked |  0
| 101|0x0000000786500000, 0x0000000786500000, 0x0000000786600000|  0%| F|  |TAMS 0x0000000786500000| PB 0x0000000786500000| Untracked |  0
| 102|0x0000000786600000, 0x0000000786600000, 0x0000000786700000|  0%| F|  |TAMS 0x0000000786600000| PB 0x0000000786600000| Untracked |  0
| 103|0x0000000786700000, 0x0000000786700000, 0x0000000786800000|  0%| F|  |TAMS 0x0000000786700000| PB 0x0000000786700000| Untracked |  0
| 104|0x0000000786800000, 0x0000000786800000, 0x0000000786900000|  0%| F|  |TAMS 0x0000000786800000| PB 0x0000000786800000| Untracked |  0
| 105|0x0000000786900000, 0x0000000786900000, 0x0000000786a00000|  0%| F|  |TAMS 0x0000000786900000| PB 0x0000000786900000| Untracked |  0
| 106|0x0000000786a00000, 0x0000000786a00000, 0x0000000786b00000|  0%| F|  |TAMS 0x0000000786a00000| PB 0x0000000786a00000| Untracked |  0
| 107|0x0000000786b00000, 0x0000000786b00000, 0x0000000786c00000|  0%| F|  |TAMS 0x0000000786b00000| PB 0x0000000786b00000| Untracked |  0
| 108|0x0000000786c00000, 0x0000000786c00000, 0x0000000786d00000|  0%| F|  |TAMS 0x0000000786c00000| PB 0x0000000786c00000| Untracked |  0
| 109|0x0000000786d00000, 0x0000000786d00000, 0x0000000786e00000|  0%| F|  |TAMS 0x0000000786d00000| PB 0x0000000786d00000| Untracked |  0
| 110|0x0000000786e00000, 0x0000000786e00000, 0x0000000786f00000|  0%| F|  |TAMS 0x0000000786e00000| PB 0x0000000786e00000| Untracked |  0
| 111|0x0000000786f00000, 0x0000000786f00000, 0x0000000787000000|  0%| F|  |TAMS 0x0000000786f00000| PB 0x0000000786f00000| Untracked |  0
| 112|0x0000000787000000, 0x0000000787000000, 0x0000000787100000|  0%| F|  |TAMS 0x0000000787000000| PB 0x0000000787000000| Untracked |  0
| 113|0x0000000787100000, 0x0000000787100000, 0x0000000787200000|  0%| F|  |TAMS 0x0000000787100000| PB 0x0000000787100000| Untracked |  0
| 114|0x0000000787200000, 0x0000000787200000, 0x0000000787300000|  0%| F|  |TAMS 0x0000000787200000| PB 0x0000000787200000| Untracked |  0
| 115|0x0000000787300000, 0x0000000787300000, 0x0000000787400000|  0%| F|  |TAMS 0x0000000787300000| PB 0x0000000787300000| Untracked |  0
| 116|0x0000000787400000, 0x0000000787400000, 0x0000000787500000|  0%| F|  |TAMS 0x0000000787400000| PB 0x0000000787400000| Untracked |  0
| 117|0x0000000787500000, 0x0000000787500000, 0x0000000787600000|  0%| F|  |TAMS 0x0000000787500000| PB 0x0000000787500000| Untracked |  0
| 118|0x0000000787600000, 0x0000000787600000, 0x0000000787700000|  0%| F|  |TAMS 0x0000000787600000| PB 0x0000000787600000| Untracked |  0
| 119|0x0000000787700000, 0x0000000787700000, 0x0000000787800000|  0%| F|  |TAMS 0x0000000787700000| PB 0x0000000787700000| Untracked |  0
| 120|0x0000000787800000, 0x0000000787800000, 0x0000000787900000|  0%| F|  |TAMS 0x0000000787800000| PB 0x0000000787800000| Untracked |  0
| 121|0x0000000787900000, 0x0000000787902850, 0x0000000787a00000|  0%| S|CS|TAMS 0x0000000787900000| PB 0x0000000787900000| Complete |  0
| 122|0x0000000787a00000, 0x0000000787a00000, 0x0000000787b00000|  0%| F|  |TAMS 0x0000000787a00000| PB 0x0000000787a00000| Untracked |  0
| 123|0x0000000787b00000, 0x0000000787b93160, 0x0000000787c00000| 57%| E|  |TAMS 0x0000000787b00000| PB 0x0000000787b00000| Complete |  0
| 124|0x0000000787c00000, 0x0000000787d00000, 0x0000000787d00000|100%| E|CS|TAMS 0x0000000787c00000| PB 0x0000000787c00000| Complete |  0
| 125|0x0000000787d00000, 0x0000000787e00000, 0x0000000787e00000|100%| E|CS|TAMS 0x0000000787d00000| PB 0x0000000787d00000| Complete |  0
| 126|0x0000000787e00000, 0x0000000787f00000, 0x0000000787f00000|100%| E|CS|TAMS 0x0000000787e00000| PB 0x0000000787e00000| Complete |  0
| 127|0x0000000787f00000, 0x0000000788000000, 0x0000000788000000|100%| E|CS|TAMS 0x0000000787f00000| PB 0x0000000787f00000| Complete |  0
|2046|0x00000007ffe00000, 0x00000007fff00000, 0x00000007fff00000|100%| O|  |TAMS 0x00000007ffe00000| PB 0x00000007ffe00000| Untracked |  0
|2047|0x00000007fff00000, 0x00000007fff1d030, 0x0000000800000000| 11%| O|  |TAMS 0x00000007fff00000| PB 0x00000007fff00000| Untracked |  0

Card table byte_map: [0x000000010b041000,0x000000010b441000] _byte_map_base: 0x0000000107441000

Marking Bits: (CMBitMap*) 0x00007fc42480a010
 Bits: [0x0000000121b35000, 0x0000000123b35000)

Polling page: 0x00000001021a0000

Metaspace:

Usage:
  Non-class:      4.86 MB used.
      Class:    552.30 KB used.
       Both:      5.40 MB used.

Virtual space:
  Non-class space:       64.00 MB reserved,       4.94 MB (  8%) committed,  1 nodes.
      Class space:        1.00 GB reserved,     704.00 KB ( <1%) committed,  1 nodes.
             Both:        1.06 GB reserved,       5.62 MB ( <1%) committed. 

Chunk freelists:
   Non-Class:  10.83 MB
       Class:  15.25 MB
        Both:  26.07 MB

MaxMetaspaceSize: unlimited
CompressedClassSpaceSize: 1.00 GB
Initial GC threshold: 21.00 MB
Current GC threshold: 21.00 MB
CDS: on
 - commit_granule_bytes: 65536.
 - commit_granule_words: 8192.
 - virtual_space_node_default_size: 8388608.
 - enlarge_chunks_in_place: 1.
 - use_allocation_guard: 0.


Internal statistics:

num_allocs_failed_limit: 0.
num_arena_births: 148.
num_arena_deaths: 0.
num_vsnodes_births: 2.
num_vsnodes_deaths: 0.
num_space_committed: 90.
num_space_uncommitted: 0.
num_chunks_returned_to_freelist: 0.
num_chunks_taken_from_freelist: 197.
num_chunk_merges: 0.
num_chunk_splits: 114.
num_chunks_enlarged: 34.
num_inconsistent_stats: 0.

CodeHeap 'non-profiled nmethods': size=120032Kb used=634Kb max_used=634Kb free=119398Kb
 bounds [0x000000011a5fd000, 0x000000011a86d000, 0x0000000121b35000]
CodeHeap 'profiled nmethods': size=120028Kb used=1513Kb max_used=1513Kb free=118514Kb
 bounds [0x0000000112b35000, 0x0000000112da5000, 0x000000011a06c000]
CodeHeap 'non-nmethods': size=5700Kb used=1495Kb max_used=1543Kb free=4204Kb
 bounds [0x000000011a06c000, 0x000000011a2dc000, 0x000000011a5fd000]
CodeCache: size=245760Kb, used=3642Kb, max_used=3690Kb, free=242116Kb
 total_blobs=1797, nmethods=1196, adapters=509, full_count=0
Compilation: enabled, stopped_count=0, restarted_count=0

Compilation events (20 events):
Event: 208.391 Thread 0x00007fc42583b000 1188       4       sun.java2d.SunGraphics2D::checkFontInfo (760 bytes)
Event: 208.420 Thread 0x00007fc42583b000 nmethod 1188 0x000000011a695f08 code [0x000000011a696120, 0x000000011a697588]
Event: 208.420 Thread 0x00007fc42583b000 1189       4       sun.font.Font2D::getStrike (27 bytes)
Event: 208.425 Thread 0x00007fc42583b000 nmethod 1189 0x000000011a697708 code [0x000000011a697880, 0x000000011a6982d0]
Event: 223.141 Thread 0x00007fc42487bc00 1190       3       sun.java2d.metal.MTLSwToSurfaceScale::Scale (32 bytes)
Event: 223.143 Thread 0x00007fc42487bc00 nmethod 1190 0x0000000112ca6708 code [0x0000000112ca6820, 0x0000000112ca69b8]
Event: 237.333 Thread 0x00007fc42583b000 1191       4       sun.java2d.metal.MTLBlitLoops::createPackedParams (60 bytes)
Event: 237.335 Thread 0x00007fc42583b000 nmethod 1191 0x000000011a698388 code [0x000000011a698480, 0x000000011a698588]
Event: 239.077 Thread 0x00007fc42487bc00 1192 %s!   3       sun.java2d.metal.MTLRenderQueue$QueueFlusher::run @ 2 (234 bytes)
Event: 239.084 Thread 0x00007fc42487bc00 nmethod 1192% 0x0000000112ca6a08 code [0x0000000112ca6dc0, 0x0000000112ca8f18]
Event: 242.396 Thread 0x00007fc42487bc00 1193  s!   3       sun.java2d.metal.MTLRenderQueue$QueueFlusher::run (234 bytes)
Event: 242.398 Thread 0x00007fc42487bc00 nmethod 1193 0x0000000112ca9008 code [0x0000000112ca93a0, 0x0000000112cab390]
Event: 299.392 Thread 0x00007fc42583b000 1194       4       sun.java2d.metal.MTLSwToSurfaceScale::Scale (32 bytes)
Event: 299.458 Thread 0x00007fc42583b000 nmethod 1194 0x000000011a698688 code [0x000000011a698940, 0x000000011a69aa20]
Event: 390.611 Thread 0x00007fc42583b000 1195 %s!   4       sun.java2d.metal.MTLRenderQueue$QueueFlusher::run @ 2 (234 bytes)
Event: 390.772 Thread 0x00007fc42583b000 nmethod 1195% 0x000000011a69ad08 code [0x000000011a69aea0, 0x000000011a69b790]
Event: 440.100 Thread 0x00007fc42487bc00 1196 %s!   3       sun.java2d.metal.MTLRenderQueue$QueueFlusher::run @ 2 (234 bytes)
Event: 440.112 Thread 0x00007fc42487bc00 nmethod 1196% 0x0000000112cab488 code [0x0000000112cab840, 0x0000000112cad998]
Event: 497.761 Thread 0x00007fc42487bc00 1197   !   3       java.util.concurrent.locks.AbstractQueuedSynchronizer::acquire (424 bytes)
Event: 497.987 Thread 0x00007fc42487bc00 nmethod 1197 0x0000000112cada88 code [0x0000000112caddc0, 0x0000000112caf620]

GC Heap History (10 events):
Event: 126.670 GC heap before
{Heap before GC invocations=0 (full 0):
 garbage-first heap   total reserved 2097152K, committed 133120K, used 27764K [0x0000000780000000, 0x0000000800000000)
  region size 1024K, 24 young (24576K), 0 survivors (0K)
 Metaspace       used 5520K, committed 5760K, reserved 1114112K
  class space    used 552K, committed 704K, reserved 1048576K
}
Event: 126.795 GC heap after
{Heap after GC invocations=1 (full 0):
 garbage-first heap   total reserved 2097152K, committed 133120K, used 4425K [0x0000000780000000, 0x0000000800000000)
  region size 1024K, 2 young (2048K), 2 survivors (2048K)
 Metaspace       used 5520K, committed 5760K, reserved 1114112K
  class space    used 552K, committed 704K, reserved 1048576K
}
Event: 221.025 GC heap before
{Heap before GC invocations=1 (full 0):
 garbage-first heap   total reserved 2097152K, committed 133120K, used 17737K [0x0000000780000000, 0x0000000800000000)
  region size 1024K, 15 young (15360K), 2 survivors (2048K)
 Metaspace       used 5522K, committed 5760K, reserved 1114112K
  class space    used 552K, committed 704K, reserved 1048576K
}
Event: 221.037 GC heap after
{Heap after GC invocations=2 (full 0):
 garbage-first heap   total reserved 2097152K, committed 133120K, used 4440K [0x0000000780000000, 0x0000000800000000)
  region size 1024K, 1 young (1024K), 1 survivors (1024K)
 Metaspace       used 5522K, committed 5760K, reserved 1114112K
  class space    used 552K, committed 704K, reserved 1048576K
}
Event: 515.186 GC heap before
{Heap before GC invocations=2 (full 0):
 garbage-first heap   total reserved 2097152K, committed 133120K, used 44376K [0x0000000780000000, 0x0000000800000000)
  region size 1024K, 40 young (40960K), 1 survivors (1024K)
 Metaspace       used 5526K, committed 5760K, reserved 1114112K
  class space    used 552K, committed 704K, reserved 1048576K
}
Event: 517.073 GC heap after
{Heap after GC invocations=3 (full 0):
 garbage-first heap   total reserved 2097152K, committed 133120K, used 4368K [0x0000000780000000, 0x0000000800000000)
  region size 1024K, 1 young (1024K), 1 survivors (1024K)
 Metaspace       used 5526K, committed 5760K, reserved 1114112K
  class space    used 552K, committed 704K, reserved 1048576K
}
Event: 584.828 GC heap before
{Heap before GC invocations=3 (full 0):
 garbage-first heap   total reserved 2097152K, committed 133120K, used 9488K [0x0000000780000000, 0x0000000800000000)
  region size 1024K, 6 young (6144K), 1 survivors (1024K)
 Metaspace       used 5526K, committed 5760K, reserved 1114112K
  class space    used 552K, committed 704K, reserved 1048576K
}
Event: 585.100 GC heap after
{Heap after GC invocations=4 (full 0):
 garbage-first heap   total reserved 2097152K, committed 133120K, used 4346K [0x0000000780000000, 0x0000000800000000)
  region size 1024K, 1 young (1024K), 1 survivors (1024K)
 Metaspace       used 5526K, committed 5760K, reserved 1114112K
  class space    used 552K, committed 704K, reserved 1048576K
}
Event: 648.704 GC heap before
{Heap before GC invocations=4 (full 0):
 garbage-first heap   total reserved 2097152K, committed 133120K, used 9466K [0x0000000780000000, 0x0000000800000000)
  region size 1024K, 6 young (6144K), 1 survivors (1024K)
 Metaspace       used 5526K, committed 5760K, reserved 1114112K
  class space    used 552K, committed 704K, reserved 1048576K
}
Event: 648.736 GC heap after
{Heap after GC invocations=5 (full 0):
 garbage-first heap   total reserved 2097152K, committed 133120K, used 4342K [0x0000000780000000, 0x0000000800000000)
  region size 1024K, 1 young (1024K), 1 survivors (1024K)
 Metaspace       used 5526K, committed 5760K, reserved 1114112K
  class space    used 552K, committed 704K, reserved 1048576K
}

Dll operation events (7 events):
Event: 0.027 Loaded shared library /Users/kevinugbaja/.p2/pool/plugins/org.eclipse.justj.openjdk.hotspot.jre.full.macosx.x86_64_23.0.0.v20240919-1706/jre/lib/libjava.dylib
Event: 0.270 Loaded shared library /Users/kevinugbaja/.p2/pool/plugins/org.eclipse.justj.openjdk.hotspot.jre.full.macosx.x86_64_23.0.0.v20240919-1706/jre/lib/libzip.dylib
Event: 0.332 Loaded shared library /Users/kevinugbaja/.p2/pool/plugins/org.eclipse.justj.openjdk.hotspot.jre.full.macosx.x86_64_23.0.0.v20240919-1706/jre/lib/libnio.dylib
Event: 0.335 Loaded shared library /Users/kevinugbaja/.p2/pool/plugins/org.eclipse.justj.openjdk.hotspot.jre.full.macosx.x86_64_23.0.0.v20240919-1706/jre/lib/libjimage.dylib
Event: 0.390 Loaded shared library /Users/kevinugbaja/.p2/pool/plugins/org.eclipse.justj.openjdk.hotspot.jre.full.macosx.x86_64_23.0.0.v20240919-1706/jre/lib/libawt.dylib
Event: 0.419 Loaded shared library /Users/kevinugbaja/.p2/pool/plugins/org.eclipse.justj.openjdk.hotspot.jre.full.macosx.x86_64_23.0.0.v20240919-1706/jre/lib/libawt_lwawt.dylib
Event: 0.617 Loaded shared library /Users/kevinugbaja/.p2/pool/plugins/org.eclipse.justj.openjdk.hotspot.jre.full.macosx.x86_64_23.0.0.v20240919-1706/jre/lib/libfontmanager.dylib

Deoptimization events (20 events):
Event: 126.854 Thread 0x00007fc4238ec800 DEOPT PACKING pc=0x000000011a6883a0 sp=0x0000000309eb7570
Event: 126.854 Thread 0x00007fc4238ec800 DEOPT UNPACKING pc=0x000000011a0bfc73 sp=0x0000000309eb74f8 mode 2
Event: 126.855 Thread 0x00007fc4238ec800 Uncommon trap: trap_request=0xffffff45 fr.pc=0x000000011a68f168 relative=0x0000000000001f48
Event: 126.855 Thread 0x00007fc4238ec800 Uncommon trap: reason=unstable_if action=reinterpret pc=0x000000011a68f168 method=sun.java2d.pipe.RenderQueue.ensureAlignment(I)V @ 14 c2
Event: 126.856 Thread 0x00007fc4238ec800 DEOPT PACKING pc=0x000000011a68f168 sp=0x0000000309eb75e0
Event: 126.856 Thread 0x00007fc4238ec800 DEOPT UNPACKING pc=0x000000011a0bfc73 sp=0x0000000309eb71c8 mode 2
Event: 221.041 Thread 0x00007fc4238ec800 Uncommon trap: trap_request=0xffffff45 fr.pc=0x000000011a69260c relative=0x000000000000174c
Event: 221.041 Thread 0x00007fc4238ec800 Uncommon trap: reason=unstable_if action=reinterpret pc=0x000000011a69260c method=sun.java2d.pipe.RenderQueue.ensureAlignment(I)V @ 14 c2
Event: 221.041 Thread 0x00007fc4238ec800 DEOPT PACKING pc=0x000000011a69260c sp=0x0000000309eb7510
Event: 221.042 Thread 0x00007fc4238ec800 DEOPT UNPACKING pc=0x000000011a0bfc73 sp=0x0000000309eb71f8 mode 2
Event: 420.593 Thread 0x00007fc42389ec00 DEOPT PACKING pc=0x0000000112ca8b85 sp=0x0000000309cb1990
Event: 420.593 Thread 0x00007fc42389ec00 DEOPT UNPACKING pc=0x000000011a0c03f0 sp=0x0000000309cb0ef0 mode 0
Event: 436.488 Thread 0x00007fc42389ec00 Uncommon trap: trap_request=0xffffff45 fr.pc=0x000000011a69b450 relative=0x00000000000005b0
Event: 436.524 Thread 0x00007fc42389ec00 Uncommon trap: reason=unstable_if action=reinterpret pc=0x000000011a69b450 method=sun.java2d.metal.MTLRenderQueue$QueueFlusher.run()V @ 22 c2
Event: 436.588 Thread 0x00007fc42389ec00 DEOPT PACKING pc=0x000000011a69b450 sp=0x0000000309cb1a40
Event: 436.591 Thread 0x00007fc42389ec00 DEOPT UNPACKING pc=0x000000011a0bfc73 sp=0x0000000309cb19f8 mode 2
Event: 493.216 Thread 0x00007fc4238ec800 Uncommon trap: trap_request=0xffffff45 fr.pc=0x000000011a6610e0 relative=0x0000000000000de0
Event: 493.264 Thread 0x00007fc4238ec800 Uncommon trap: reason=unstable_if action=reinterpret pc=0x000000011a6610e0 method=java.util.concurrent.locks.AbstractQueuedSynchronizer.acquire(Ljava/util/concurrent/locks/AbstractQueuedSynchronizer$Node;IZZZJ)I @ 49 c2
Event: 493.301 Thread 0x00007fc4238ec800 DEOPT PACKING pc=0x000000011a6610e0 sp=0x0000000309eb75c0
Event: 493.326 Thread 0x00007fc4238ec800 DEOPT UNPACKING pc=0x000000011a0bfc73 sp=0x0000000309eb7550 mode 2

Classes loaded (20 events):
Event: 2.453 Loading class java/awt/geom/PathIterator
Event: 2.453 Loading class java/awt/geom/PathIterator done
Event: 2.453 Loading class java/awt/geom/Path2D$Iterator done
Event: 2.453 Loading class java/awt/geom/Path2D$Float$TxIterator done
Event: 2.460 Loading class java/awt/image/VolatileImage
Event: 2.460 Loading class java/awt/image/VolatileImage done
Event: 2.460 Loading class java/awt/image/MultiResolutionImage
Event: 2.460 Loading class java/awt/image/MultiResolutionImage done
Event: 2.460 Loading class sun/awt/image/ToolkitImage
Event: 2.460 Loading class sun/awt/image/ToolkitImage done
Event: 2.460 Loading class sun/java2d/metal/MTLSurfaceDataProxy
Event: 2.460 Loading class sun/java2d/metal/MTLSurfaceDataProxy done
Event: 2.460 Loading class sun/java2d/StateTrackableDelegate$1
Event: 2.460 Loading class sun/java2d/StateTrackableDelegate$1 done
Event: 2.666 Loading class jdk/internal/event/ThreadSleepEvent
Event: 2.667 Loading class jdk/internal/event/Event
Event: 2.669 Loading class jdk/internal/event/Event done
Event: 2.677 Loading class jdk/internal/event/ThreadSleepEvent done
Event: 45.273 Loading class java/security/DomainCombiner
Event: 45.274 Loading class java/security/DomainCombiner done

Classes unloaded (0 events):
No events

Classes redefined (0 events):
No events

Internal exceptions (18 events):
Event: 0.366 Thread 0x00007fc425819600 Exception <a 'java/lang/ClassNotFoundException'{0x0000000787f3c3b0}: sun/awt/resources/spi/awtProvider> (0x0000000787f3c3b0) 
thrown [src/hotspot/share/classfile/systemDictionary.cpp, line 313]
Event: 0.459 Thread 0x00007fc425819600 Exception <a 'java/io/FileNotFoundException'{0x0000000787e8d860}> (0x0000000787e8d860) 
thrown [src/hotspot/share/prims/jni.cpp, line 520]
Event: 0.541 Thread 0x00007fc425819600 Exception <a 'java/io/FileNotFoundException'{0x0000000787ebba70}> (0x0000000787ebba70) 
thrown [src/hotspot/share/prims/jni.cpp, line 520]
Event: 0.612 Thread 0x00007fc425819600 Exception <a 'java/lang/ClassNotFoundException'{0x0000000787ef73b0}: sun/awt/resources/spi/awtosxProvider> (0x0000000787ef73b0) 
thrown [src/hotspot/share/classfile/systemDictionary.cpp, line 313]
Event: 1.272 Thread 0x00007fc425819600 Exception <a 'java/lang/NoSuchMethodError'{0x0000000787da2550}: 'void java.lang.invoke.Invokers$Holder.invokeExact_MT(java.lang.Object, java.lang.Object, java.lang.Object, java.lang.Object)'> (0x0000000787da2550) 
thrown [src/hotspot/share/interpreter/linkResolver.cpp, line 796]
Event: 1.274 Thread 0x00007fc425819600 Exception <a 'java/lang/NoSuchMethodError'{0x0000000787da72a0}: 'void java.lang.invoke.DirectMethodHandle$Holder.invokeStaticInit(java.lang.Object)'> (0x0000000787da72a0) 
thrown [src/hotspot/share/interpreter/linkResolver.cpp, line 796]
Event: 1.301 Thread 0x00007fc425819600 Exception <a 'java/lang/NoSuchMethodError'{0x0000000787db44b0}: 'java.lang.Object java.lang.invoke.DirectMethodHandle$Holder.newInvokeSpecial(java.lang.Object, java.lang.Object, java.lang.Object, int, java.lang.Object)'> (0x0000000787db44b0) 
thrown [src/hotspot/share/interpreter/linkResolver.cpp, line 796]
Event: 1.306 Thread 0x00007fc425819600 Exception <a 'java/lang/NoSuchMethodError'{0x0000000787dbbc78}: 'java.lang.Object java.lang.invoke.Invokers$Holder.linkToTargetMethod(java.lang.Object, java.lang.Object, int, java.lang.Object, java.lang.Object)'> (0x0000000787dbbc78) 
thrown [src/hotspot/share/interpreter/linkResolver.cpp, line 796]
Event: 1.347 Thread 0x00007fc425819600 Exception <a 'java/lang/NoSuchMethodError'{0x0000000787dbfdc0}: 'void java.lang.invoke.DirectMethodHandle$Holder.invokeStatic(java.lang.Object, int, long)'> (0x0000000787dbfdc0) 
thrown [src/hotspot/share/interpreter/linkResolver.cpp, line 796]
Event: 1.357 Thread 0x00007fc4238ec800 Exception <a 'java/lang/NoSuchMethodError'{0x0000000787c7c1a0}: 'void java.lang.invoke.DirectMethodHandle$Holder.invokeStatic(java.lang.Object, long)'> (0x0000000787c7c1a0) 
thrown [src/hotspot/share/interpreter/linkResolver.cpp, line 796]
Event: 1.388 Thread 0x00007fc425819600 Exception <a 'java/lang/NoSuchMethodError'{0x0000000787b0b6e0}: 'java.lang.Object java.lang.invoke.Invokers$Holder.linkToTargetMethod(int, int, int, int, java.lang.Object)'> (0x0000000787b0b6e0) 
thrown [src/hotspot/share/interpreter/linkResolver.cpp, line 796]
Event: 1.389 Thread 0x00007fc425819600 Exception <a 'java/lang/NoSuchMethodError'{0x0000000787b0ee58}: 'void java.lang.invoke.DirectMethodHandle$Holder.invokeStatic(java.lang.Object, java.lang.Object, long)'> (0x0000000787b0ee58) 
thrown [src/hotspot/share/interpreter/linkResolver.cpp, line 796]
Event: 1.390 Thread 0x00007fc4248ca600 Exception <a 'java/lang/NoSuchMethodError'{0x0000000787d06fc8}: 'void java.lang.invoke.DirectMethodHandle$Holder.invokeStatic(java.lang.Object, java.lang.Object, long)'> (0x0000000787d06fc8) 
thrown [src/hotspot/share/interpreter/linkResolver.cpp, line 796]
Event: 1.409 Thread 0x00007fc4248ca600 Exception <a 'java/lang/NoSuchMethodError'{0x0000000787d41648}: 'void java.lang.invoke.DirectMethodHandle$Holder.invokeSpecial(java.lang.Object, java.lang.Object, long)'> (0x0000000787d41648) 
thrown [src/hotspot/share/interpreter/linkResolver.cpp, line 796]
Event: 1.734 Thread 0x00007fc425819600 Exception <a 'java/lang/NoSuchMethodError'{0x0000000787b23430}: 'void java.lang.invoke.DirectMethodHandle$Holder.invokeStatic(java.lang.Object, long, long)'> (0x0000000787b23430) 
thrown [src/hotspot/share/interpreter/linkResolver.cpp, line 796]
Event: 1.734 Thread 0x00007fc425819600 Exception <a 'java/lang/NoSuchMethodError'{0x0000000787b282c0}: 'java.lang.Object java.lang.invoke.DirectMethodHandle$Holder.newInvokeSpecial(java.lang.Object, long)'> (0x0000000787b282c0) 
thrown [src/hotspot/share/interpreter/linkResolver.cpp, line 796]
Event: 1.736 Thread 0x00007fc425819600 Exception <a 'java/lang/NoSuchMethodError'{0x0000000787b31990}: 'java.lang.Object java.lang.invoke.DirectMethodHandle$Holder.newInvokeSpecial(java.lang.Object, java.lang.Object, int)'> (0x0000000787b31990) 
thrown [src/hotspot/share/interpreter/linkResolver.cpp, line 796]
Event: 126.853 Thread 0x00007fc4238ec800 Implicit null exception at 0x000000011a687867 to 0x000000011a688390

VM Operations (20 events):
Event: 360.470 Executing VM operation: RendezvousGCThreads
Event: 360.470 Executing VM operation: RendezvousGCThreads done
Event: 420.552 Executing VM operation: HandshakeAllThreads (HandshakeForDeflation)
Event: 420.552 Executing VM operation: HandshakeAllThreads (HandshakeForDeflation) done
Event: 420.552 Executing VM operation: RendezvousGCThreads
Event: 420.552 Executing VM operation: RendezvousGCThreads done
Event: 480.769 Executing VM operation: HandshakeAllThreads (HandshakeForDeflation)
Event: 480.770 Executing VM operation: HandshakeAllThreads (HandshakeForDeflation) done
Event: 480.770 Executing VM operation: RendezvousGCThreads
Event: 480.770 Executing VM operation: RendezvousGCThreads done
Event: 515.153 Executing VM operation: G1CollectForAllocation (G1 Evacuation Pause)
Event: 517.084 Executing VM operation: G1CollectForAllocation (G1 Evacuation Pause) done
Event: 584.778 Executing VM operation: G1CollectForAllocation (G1 Evacuation Pause)
Event: 585.106 Executing VM operation: G1CollectForAllocation (G1 Evacuation Pause) done
Event: 601.190 Executing VM operation: HandshakeAllThreads (HandshakeForDeflation)
Event: 601.192 Executing VM operation: HandshakeAllThreads (HandshakeForDeflation) done
Event: 601.192 Executing VM operation: RendezvousGCThreads
Event: 601.192 Executing VM operation: RendezvousGCThreads done
Event: 648.702 Executing VM operation: G1CollectForAllocation (G1 Evacuation Pause)
Event: 648.741 Executing VM operation: G1CollectForAllocation (G1 Evacuation Pause) done

Memory protections (17 events):
Event: 0.023 Protecting memory [0x0000000308542000,0x0000000308546000] with protection modes 0
Event: 0.221 Protecting memory [0x0000000308ef3000,0x0000000308ef7000] with protection modes 0
Event: 0.223 Protecting memory [0x0000000308ff6000,0x0000000308ffa000] with protection modes 0
Event: 0.225 Protecting memory [0x00000003090f9000,0x00000003090fd000] with protection modes 0
Event: 0.227 Protecting memory [0x00000003091fc000,0x0000000309200000] with protection modes 0
Event: 0.227 Protecting memory [0x00000003092ff000,0x0000000309303000] with protection modes 0
Event: 0.228 Protecting memory [0x0000000309402000,0x0000000309406000] with protection modes 0
Event: 0.228 Protecting memory [0x0000000309505000,0x0000000309509000] with protection modes 0
Event: 0.261 Protecting memory [0x0000000309608000,0x000000030960c000] with protection modes 0
Event: 0.275 Protecting memory [0x000000030970b000,0x000000030970f000] with protection modes 0
Event: 0.648 Protecting memory [0x0000000307cbf000,0x0000000307cc3000] with protection modes 0
Event: 0.886 Protecting memory [0x000000030980e000,0x0000000309812000] with protection modes 0
Event: 1.237 Protecting memory [0x0000000309bb2000,0x0000000309bb6000] with protection modes 0
Event: 1.250 Protecting memory [0x0000000309cb5000,0x0000000309cb9000] with protection modes 0
Event: 1.354 Protecting memory [0x0000000309db8000,0x0000000309dbc000] with protection modes 0
Event: 1.818 Protecting memory [0x0000000308542000,0x0000000308546000] with protection modes 3
Event: 1.818 Protecting memory [0x0000000308542000,0x0000000308546000] with protection modes 0

Nmethod flushes (0 events):
No events

Events (17 events):
Event: 0.129 Thread 0x00007fc425819600 Thread added: 0x00007fc425819600
Event: 0.221 Thread 0x00007fc425819600 Thread added: 0x00007fc42380e600
Event: 0.223 Thread 0x00007fc425819600 Thread added: 0x00007fc423812200
Event: 0.225 Thread 0x00007fc425819600 Thread added: 0x00007fc423818a00
Event: 0.227 Thread 0x00007fc425819600 Thread added: 0x00007fc42480da00
Event: 0.227 Thread 0x00007fc425819600 Thread added: 0x00007fc425037c00
Event: 0.228 Thread 0x00007fc425819600 Thread added: 0x00007fc42583b000
Event: 0.228 Thread 0x00007fc425819600 Thread added: 0x00007fc42487bc00
Event: 0.261 Thread 0x00007fc425819600 Thread added: 0x00007fc42584e000
Event: 0.275 Thread 0x00007fc425819600 Thread added: 0x00007fc424871a00
Event: 0.648 Thread 0x00007fc4248ca600 Thread added: 0x00007fc4248ca600
Event: 0.886 Thread 0x00007fc4248ca600 Thread added: 0x00007fc42597c600
Event: 1.237 Thread 0x00007fc425819600 Thread added: 0x00007fc42389ec00
Event: 1.250 Thread 0x00007fc425819600 Thread added: 0x00007fc4238e1200
Event: 1.354 Thread 0x00007fc425819600 Thread added: 0x00007fc4238ec800
Event: 1.818 Thread 0x00007fc425819600 Thread exited: 0x00007fc425819600
Event: 1.818 Thread 0x00007fc4250d3c00 Thread added: 0x00007fc4250d3c00


Dynamic libraries:
0x000000010ab2a000 	/Users/kevinugbaja/.p2/pool/plugins/org.eclipse.justj.openjdk.hotspot.jre.full.macosx.x86_64_23.0.0.v20240919-1706/jre/lib/libjli.dylib
0x00007ff82bbab000 	/System/Library/Frameworks/ApplicationServices.framework/Versions/A/ApplicationServices
0x00007ff818525000 	/System/Library/Frameworks/CoreGraphics.framework/Versions/A/CoreGraphics
0x00007ff814cc4000 	/System/Library/Frameworks/CoreText.framework/Versions/A/CoreText
0x00007ff81dd1a000 	/System/Library/Frameworks/ImageIO.framework/Versions/A/ImageIO
0x00007ff818dbb000 	/System/Library/Frameworks/ColorSync.framework/Versions/A/ColorSync
0x00007ff82406f000 	/System/Library/Frameworks/ApplicationServices.framework/Versions/A/Frameworks/ATS.framework/Versions/A/ATS
0x00007ff827eaf000 	/System/Library/Frameworks/CoreServices.framework/Versions/A/CoreServices
0x00007ff818f67000 	/System/Library/Frameworks/ApplicationServices.framework/Versions/A/Frameworks/HIServices.framework/Versions/A/HIServices
0x00007ff822d68000 	/System/Library/Frameworks/ApplicationServices.framework/Versions/A/Frameworks/PrintCore.framework/Versions/A/PrintCore
0x00007ff824445000 	/System/Library/Frameworks/ApplicationServices.framework/Versions/A/Frameworks/QD.framework/Versions/A/QD
0x00007ff82443e000 	/System/Library/Frameworks/ApplicationServices.framework/Versions/A/Frameworks/ColorSyncLegacy.framework/Versions/A/ColorSyncLegacy
0x00007ff824045000 	/System/Library/Frameworks/ApplicationServices.framework/Versions/A/Frameworks/SpeechSynthesis.framework/Versions/A/SpeechSynthesis
0x00007ff8203c0000 	/usr/lib/libSystem.B.dylib
0x00007ff8180c2000 	/System/Library/PrivateFrameworks/SkyLight.framework/Versions/A/SkyLight
0x00007ff8203c5000 	/System/Library/PrivateFrameworks/SoftLinking.framework/Versions/A/SoftLinking
0x00007ff8159a4000 	/usr/lib/libicucore.A.dylib
0x00007ff81a9ab000 	/System/Library/PrivateFrameworks/CoreAnalytics.framework/Versions/A/CoreAnalytics
0x00007ff81d8ce000 	/System/Library/PrivateFrameworks/FontServices.framework/libFontParser.dylib
0x00007ff828177000 	/System/Library/Frameworks/Accelerate.framework/Versions/A/Accelerate
0x00007ff81d529000 	/System/Library/Frameworks/IOSurface.framework/Versions/A/IOSurface
0x00007ff81bd13000 	/usr/lib/libxml2.2.dylib
0x00007ff817c52000 	/System/Library/Frameworks/CFNetwork.framework/Versions/A/CFNetwork
0x00007ff812ae9000 	/System/Library/Frameworks/CoreFoundation.framework/Versions/A/CoreFoundation
0x00007ff813a1a000 	/System/Library/Frameworks/Foundation.framework/Versions/C/Foundation
0x00007ff8202d8000 	/usr/lib/libz.1.dylib
0x00007ff8126b4000 	/usr/lib/libobjc.A.dylib
0x00007ff8129b6000 	/usr/lib/libc++.1.dylib
0x00007ff819c25000 	/System/Library/PrivateFrameworks/RunningBoardServices.framework/Versions/A/RunningBoardServices
0x00007ff81801b000 	/usr/lib/libMobileGestalt.dylib
0x00007ff8180a4000 	/System/Library/PrivateFrameworks/TCC.framework/Versions/A/TCC
0x00007ff82eaad000 	/System/Library/PrivateFrameworks/IOSurfaceAccelerator.framework/Versions/A/IOSurfaceAccelerator
0x00007ff82263e000 	/System/Library/PrivateFrameworks/WatchdogClient.framework/Versions/A/WatchdogClient
0x00007ff82055e000 	/usr/lib/libcompression.dylib
0x00007ff81a9d7000 	/usr/lib/libDiagnosticMessagesClient.dylib
0x00007ff8136c9000 	/System/Library/Frameworks/SystemConfiguration.framework/Versions/A/SystemConfiguration
0x00007ff81481e000 	/System/Library/Frameworks/CoreDisplay.framework/Versions/A/CoreDisplay
0x00007ff81f3ab000 	/System/Library/PrivateFrameworks/IOMobileFramebuffer.framework/Versions/A/IOMobileFramebuffer
0x00007ff81d79d000 	/System/Library/Frameworks/CoreMedia.framework/Versions/A/CoreMedia
0x00007ff81d53f000 	/System/Library/PrivateFrameworks/IOAccelerator.framework/Versions/A/IOAccelerator
0x00007ff815fcd000 	/System/Library/Frameworks/IOKit.framework/Versions/A/IOKit
0x00007ff81d548000 	/System/Library/Frameworks/Metal.framework/Versions/A/Metal
0x00007ff81bdf3000 	/System/Library/Frameworks/CoreVideo.framework/Versions/A/CoreVideo
0x00007ff820556000 	/System/Library/Frameworks/MetalPerformanceShaders.framework/Versions/A/MetalPerformanceShaders
0x00007ff822640000 	/System/Library/PrivateFrameworks/MultitouchSupport.framework/Versions/A/MultitouchSupport
0x00007ff8155f6000 	/System/Library/Frameworks/Security.framework/Versions/A/Security
0x00007ff81b623000 	/System/Library/Frameworks/QuartzCore.framework/Versions/A/QuartzCore
0x00007ff81f6ab000 	/usr/lib/libbsm.0.dylib
0x00007ff82267d000 	/System/Library/Frameworks/VideoToolbox.framework/Versions/A/VideoToolbox
0x00007ff81be80000 	/System/Library/PrivateFrameworks/UserManagement.framework/Versions/A/UserManagement
0x00007ff819b4e000 	/System/Library/PrivateFrameworks/BaseBoard.framework/Versions/A/BaseBoard
0x00007ff81bc92000 	/System/Library/Frameworks/CoreServices.framework/Versions/A/Frameworks/FSEvents.framework/Versions/A/FSEvents
0x00007ff815c50000 	/System/Library/Frameworks/CoreServices.framework/Versions/A/Frameworks/CarbonCore.framework/Versions/A/CarbonCore
0x00007ff81aa1f000 	/System/Library/Frameworks/CoreServices.framework/Versions/A/Frameworks/Metadata.framework/Versions/A/Metadata
0x00007ff81ffae000 	/System/Library/Frameworks/CoreServices.framework/Versions/A/Frameworks/OSServices.framework/Versions/A/OSServices
0x00007ff82049d000 	/System/Library/Frameworks/CoreServices.framework/Versions/A/Frameworks/SearchKit.framework/Versions/A/SearchKit
0x00007ff819c88000 	/System/Library/Frameworks/CoreServices.framework/Versions/A/Frameworks/AE.framework/Versions/A/AE
0x00007ff812f83000 	/System/Library/Frameworks/CoreServices.framework/Versions/A/Frameworks/LaunchServices.framework/Versions/A/LaunchServices
0x00007ff8219b0000 	/System/Library/Frameworks/CoreServices.framework/Versions/A/Frameworks/DictionaryServices.framework/Versions/A/DictionaryServices
0x00007ff81bc9f000 	/System/Library/Frameworks/CoreServices.framework/Versions/A/Frameworks/SharedFileList.framework/Versions/A/SharedFileList
0x00007ff820528000 	/usr/lib/libapple_nghttp2.dylib
0x00007ff8198fd000 	/usr/lib/libsqlite3.dylib
0x00007ff819d0a000 	/System/Library/Frameworks/Network.framework/Versions/A/Network
0x00007ff815f4b000 	/System/Library/PrivateFrameworks/CoreServicesInternal.framework/Versions/A/CoreServicesInternal
0x00007ff82038b000 	/usr/lib/liboah.dylib
0x00007ff8203c2000 	/usr/lib/libfakelink.dylib
0x00007ff812a31000 	/usr/lib/libc++abi.dylib
0x00007ff8203ba000 	/usr/lib/system/libcache.dylib
0x00007ff820376000 	/usr/lib/system/libcommonCrypto.dylib
0x00007ff82039e000 	/usr/lib/system/libcompiler_rt.dylib
0x00007ff820393000 	/usr/lib/system/libcopyfile.dylib
0x00007ff8127ed000 	/usr/lib/system/libcorecrypto.dylib
0x00007ff8128e4000 	/usr/lib/system/libdispatch.dylib
0x00007ff812a8e000 	/usr/lib/system/libdyld.dylib
0x00007ff8203b0000 	/usr/lib/system/libkeymgr.dylib
0x00007ff820357000 	/usr/lib/system/libmacho.dylib
0x00007ff81f686000 	/usr/lib/system/libquarantine.dylib
0x00007ff8203ae000 	/usr/lib/system/libremovefile.dylib
0x00007ff81808d000 	/usr/lib/system/libsystem_asl.dylib
0x00007ff812787000 	/usr/lib/system/libsystem_blocks.dylib
0x00007ff81292e000 	/usr/lib/system/libsystem_c.dylib
0x00007ff8203a6000 	/usr/lib/system/libsystem_collections.dylib
0x00007ff81e4d7000 	/usr/lib/system/libsystem_configuration.dylib
0x00007ff81d500000 	/usr/lib/system/libsystem_containermanager.dylib
0x00007ff81ffa8000 	/usr/lib/system/libsystem_coreservices.dylib
0x00007ff815c45000 	/usr/lib/system/libsystem_darwin.dylib
0x00007ffc2728d000 	/usr/lib/system/libsystem_darwindirectory.dylib
0x00007ff8203b1000 	/usr/lib/system/libsystem_dnssd.dylib
0x00007ffc27291000 	/usr/lib/system/libsystem_eligibility.dylib
0x00007ff81292b000 	/usr/lib/system/libsystem_featureflags.dylib
0x00007ff812abe000 	/usr/lib/system/libsystem_info.dylib
0x00007ff8202ec000 	/usr/lib/system/libsystem_m.dylib
0x00007ff8128a4000 	/usr/lib/system/libsystem_malloc.dylib
0x00007ff818001000 	/usr/lib/system/libsystem_networkextension.dylib
0x00007ff816091000 	/usr/lib/system/libsystem_notify.dylib
0x00007ff81e4db000 	/usr/lib/system/libsystem_sandbox.dylib
0x00007ffc27294000 	/usr/lib/system/libsystem_sanitizers.dylib
0x00007ff8203ab000 	/usr/lib/system/libsystem_secinit.dylib
0x00007ff812a47000 	/usr/lib/system/libsystem_kernel.dylib
0x00007ff812ab3000 	/usr/lib/system/libsystem_platform.dylib
0x00007ff812a82000 	/usr/lib/system/libsystem_pthread.dylib
0x00007ff819d02000 	/usr/lib/system/libsystem_symptoms.dylib
0x00007ff8127d3000 	/usr/lib/system/libsystem_trace.dylib
0x00007ff820382000 	/usr/lib/system/libunwind.dylib
0x00007ff81278b000 	/usr/lib/system/libxpc.dylib
0x00007ff81801a000 	/usr/lib/libenergytrace.dylib
0x00007ff82035d000 	/usr/lib/system/libkxld.dylib
0x00007ff81bcca000 	/System/Library/PrivateFrameworks/CoreAutoLayout.framework/Versions/A/CoreAutoLayout
0x00007ff81aab7000 	/System/Library/Frameworks/DiskArbitration.framework/Versions/A/DiskArbitration
0x00007ff820414000 	/usr/lib/libarchive.2.dylib
0x00007ff81e4e7000 	/usr/lib/liblangid.dylib
0x00007ff825d23000 	/System/Library/Frameworks/Combine.framework/Versions/A/Combine
0x00007ffb1c506000 	/System/Library/PrivateFrameworks/CollectionsInternal.framework/Versions/A/CollectionsInternal
0x00007ffb31914000 	/System/Library/PrivateFrameworks/ReflectionInternal.framework/Versions/A/ReflectionInternal
0x00007ffb31e93000 	/System/Library/PrivateFrameworks/RuntimeInternal.framework/Versions/A/RuntimeInternal
0x00007ff8238ad000 	/usr/lib/swift/libswiftCore.dylib
0x00007ff919f22000 	/usr/lib/swift/libswiftCoreFoundation.dylib
0x00007ff917b82000 	/usr/lib/swift/libswiftDarwin.dylib
0x00007ff82981d000 	/usr/lib/swift/libswiftDispatch.dylib
0x00007ff919f61000 	/usr/lib/swift/libswiftIOKit.dylib
0x00007ff82c017000 	/usr/lib/swift/libswiftObjectiveC.dylib
0x00007ff919f32000 	/usr/lib/swift/libswiftXPC.dylib
0x00007ffc26f5f000 	/usr/lib/swift/libswift_Concurrency.dylib
0x00007ffc2709a000 	/usr/lib/swift/libswift_StringProcessing.dylib
0x00007ff82c01b000 	/usr/lib/swift/libswiftos.dylib
0x00007ff81e4e2000 	/System/Library/PrivateFrameworks/AppleSystemInfo.framework/Versions/A/AppleSystemInfo
0x00007ff8203c6000 	/usr/lib/libpcap.A.dylib
0x00007ff819cf8000 	/usr/lib/libdns_services.dylib
0x00007ff8198e4000 	/System/Library/PrivateFrameworks/ProtocolBuffer.framework/Versions/A/ProtocolBuffer
0x00007ff821a1e000 	/usr/lib/libcoretls_cfhelpers.dylib
0x00007ff817c51000 	/usr/lib/libnetwork.dylib
0x00007ff8219ff000 	/usr/lib/liblzma.5.dylib
0x00007ff81f693000 	/usr/lib/libcoretls.dylib
0x00007ffc2590f000 	/usr/lib/libCoreEntitlements.dylib
0x00007ffb2d0de000 	/System/Library/PrivateFrameworks/MessageSecurity.framework/Versions/A/MessageSecurity
0x00007ff81fecb000 	/System/Library/PrivateFrameworks/AppleFSCompression.framework/Versions/A/AppleFSCompression
0x00007ff820558000 	/usr/lib/libpam.2.dylib
0x00007ff821a97000 	/usr/lib/libxar.1.dylib
0x00007ff822047000 	/usr/lib/libheimdal-asn1.dylib
0x00007ff81ff99000 	/usr/lib/libbz2.1.0.dylib
0x00007ffc26fec000 	/usr/lib/swift/libswift_RegexParser.dylib
0x00007ff8203fc000 	/usr/lib/libiconv.2.dylib
0x00007ff820356000 	/usr/lib/libcharset.1.dylib
0x00007ff81f689000 	/usr/lib/libCheckFix.dylib
0x00007ff81e4e9000 	/System/Library/PrivateFrameworks/CoreNLP.framework/Versions/A/CoreNLP
0x00007ff81a9d9000 	/System/Library/PrivateFrameworks/MetadataUtilities.framework/Versions/A/MetadataUtilities
0x00007ff81f6bb000 	/usr/lib/libmecab.dylib
0x00007ff813750000 	/usr/lib/libCRFSuite.dylib
0x00007ff81f714000 	/usr/lib/libgermantok.dylib
0x00007ff820503000 	/usr/lib/libThaiTokenizer.dylib
0x00007ff81aabf000 	/System/Library/Frameworks/Accelerate.framework/Versions/A/Frameworks/vImage.framework/Versions/A/vImage
0x00007ff827e85000 	/System/Library/Frameworks/Accelerate.framework/Versions/A/Frameworks/vecLib.framework/Versions/A/vecLib
0x00007ff821ad9000 	/System/Library/Frameworks/Accelerate.framework/Versions/A/Frameworks/vecLib.framework/Versions/A/libvMisc.dylib
0x00007ff81f17b000 	/System/Library/Frameworks/Accelerate.framework/Versions/A/Frameworks/vecLib.framework/Versions/A/libvDSP.dylib
0x00007ff813390000 	/System/Library/Frameworks/Accelerate.framework/Versions/A/Frameworks/vecLib.framework/Versions/A/libBLAS.dylib
0x00007ff820640000 	/System/Library/Frameworks/Accelerate.framework/Versions/A/Frameworks/vecLib.framework/Versions/A/libLAPACK.dylib
0x00007ff81f717000 	/System/Library/Frameworks/Accelerate.framework/Versions/A/Frameworks/vecLib.framework/Versions/A/libLinearAlgebra.dylib
0x00007ff820543000 	/System/Library/Frameworks/Accelerate.framework/Versions/A/Frameworks/vecLib.framework/Versions/A/libSparseBLAS.dylib
0x00007ff82063a000 	/System/Library/Frameworks/Accelerate.framework/Versions/A/Frameworks/vecLib.framework/Versions/A/libQuadrature.dylib
0x00007ff81e5ff000 	/System/Library/Frameworks/Accelerate.framework/Versions/A/Frameworks/vecLib.framework/Versions/A/libBNNS.dylib
0x00007ff813651000 	/System/Library/Frameworks/Accelerate.framework/Versions/A/Frameworks/vecLib.framework/Versions/A/libSparse.dylib
0x00007ffb2b983000 	/System/Library/PrivateFrameworks/MIL.framework/Versions/A/MIL
0x00007ff81bc76000 	/System/Library/Frameworks/OpenDirectory.framework/Versions/A/Frameworks/CFOpenDirectory.framework/Versions/A/CFOpenDirectory
0x00007ff81bc6a000 	/System/Library/Frameworks/OpenDirectory.framework/Versions/A/OpenDirectory
0x00007ff821a20000 	/System/Library/PrivateFrameworks/APFS.framework/Versions/A/APFS
0x00007ff81f5ce000 	/System/Library/Frameworks/SecurityFoundation.framework/Versions/A/SecurityFoundation
0x00007ff821aa5000 	/usr/lib/libutil.dylib
0x00007ffb29d81000 	/System/Library/PrivateFrameworks/InstalledContentLibrary.framework/Versions/A/InstalledContentLibrary
0x00007ff815f8d000 	/System/Library/PrivateFrameworks/CoreServicesStore.framework/Versions/A/CoreServicesStore
0x00007ff81bcc7000 	/usr/lib/libapp_launch_measurement.dylib
0x00007ffb1a0fd000 	/System/Library/PrivateFrameworks/AppleMobileFileIntegrity.framework/Versions/A/AppleMobileFileIntegrity
0x00007ff919ef4000 	/usr/lib/libmis.dylib
0x00007ff92aa79000 	/System/Library/PrivateFrameworks/MobileSystemServices.framework/Versions/A/MobileSystemServices
0x00007ffa2818e000 	/System/Library/PrivateFrameworks/ConfigProfileHelper.framework/Versions/A/ConfigProfileHelper
0x00007ff820505000 	/System/Library/PrivateFrameworks/AppleSauce.framework/Versions/A/AppleSauce
0x00007ff814651000 	/System/Library/PrivateFrameworks/LanguageModeling.framework/Versions/A/LanguageModeling
0x00007ff821aa9000 	/usr/lib/libxslt.1.dylib
0x00007ff820403000 	/usr/lib/libcmph.dylib
0x00007ff81f379000 	/System/Library/PrivateFrameworks/CoreEmoji.framework/Versions/A/CoreEmoji
0x00007ff81e5f9000 	/System/Library/PrivateFrameworks/LinguisticData.framework/Versions/A/LinguisticData
0x00007ff813568000 	/System/Library/PrivateFrameworks/Lexicon.framework/Versions/A/Lexicon
0x00007ff81f657000 	/System/Library/PrivateFrameworks/BackgroundTaskManagement.framework/Versions/A/BackgroundTaskManagement
0x00007ffc25a7e000 	/usr/lib/libTLE.dylib
0x00007ff81f5aa000 	/System/Library/PrivateFrameworks/MobileKeyBag.framework/Versions/A/MobileKeyBag
0x00007ff81e4e1000 	/System/Library/PrivateFrameworks/AggregateDictionary.framework/Versions/A/AggregateDictionary
0x00007ffb19efb000 	/System/Library/PrivateFrameworks/AppleKeyStore.framework/Versions/A/AppleKeyStore
0x00007ff82250a000 	/System/Library/PrivateFrameworks/AppleJPEG.framework/Versions/A/AppleJPEG
0x00007ff82202c000 	/usr/lib/libexpat.1.dylib
0x00007ff822c33000 	/System/Library/Frameworks/ImageIO.framework/Versions/A/Resources/libPng.dylib
0x00007ff822c60000 	/System/Library/Frameworks/ImageIO.framework/Versions/A/Resources/libTIFF.dylib
0x00007ff822d54000 	/System/Library/Frameworks/ImageIO.framework/Versions/A/Resources/libGIF.dylib
0x00007ff822556000 	/System/Library/Frameworks/ImageIO.framework/Versions/A/Resources/libJP2.dylib
0x00007ff821c79000 	/usr/lib/libate.dylib
0x00007ff822cf4000 	/System/Library/Frameworks/ImageIO.framework/Versions/A/Resources/libJPEG.dylib
0x00007ff822ceb000 	/System/Library/Frameworks/ImageIO.framework/Versions/A/Resources/libRadiance.dylib
0x00007ffb25d43000 	/System/Library/PrivateFrameworks/GPUCompiler.framework/Versions/32023/Libraries/libllvm-flatbuffers.dylib
0x00007ffa2c4b4000 	/System/Library/Frameworks/OpenGL.framework/Versions/A/Libraries/libCoreFSCache.dylib
0x00007ffb22ec9000 	/System/Library/PrivateFrameworks/GPUCompiler.framework/Versions/32023/Libraries/libGPUCompilerUtils.dylib
0x00007ff822ce4000 	/System/Library/PrivateFrameworks/GPUWrangler.framework/Versions/A/GPUWrangler
0x00007ff822cc8000 	/System/Library/PrivateFrameworks/IOPresentment.framework/Versions/A/IOPresentment
0x00007ff822cee000 	/System/Library/PrivateFrameworks/DSExternalDisplay.framework/Versions/A/DSExternalDisplay
0x00007ff822d5a000 	/System/Library/PrivateFrameworks/CMCaptureCore.framework/Versions/A/CMCaptureCore
0x00007ff82220e000 	/usr/lib/libspindump.dylib
0x00007ff814ecb000 	/System/Library/Frameworks/CoreAudio.framework/Versions/A/CoreAudio
0x00007ffb12bdc000 	/System/Library/Frameworks/ExtensionFoundation.framework/Versions/A/ExtensionFoundation
0x00007ff82a06e000 	/System/Library/PrivateFrameworks/CoreTime.framework/Versions/A/CoreTime
0x00007ff8221f7000 	/System/Library/PrivateFrameworks/AppServerSupport.framework/Versions/A/AppServerSupport
0x00007ff824797000 	/System/Library/PrivateFrameworks/perfdata.framework/Versions/A/perfdata
0x00007ff81494c000 	/System/Library/PrivateFrameworks/AudioToolboxCore.framework/Versions/A/AudioToolboxCore
0x00007ff81d777000 	/System/Library/PrivateFrameworks/caulk.framework/Versions/A/caulk
0x00007ff82402f000 	/usr/lib/libAudioStatistics.dylib
0x00007ff919293000 	/System/Library/PrivateFrameworks/SystemPolicy.framework/Versions/A/SystemPolicy
0x00007ff8242f1000 	/usr/lib/libSMC.dylib
0x00007ff82e136000 	/System/Library/Frameworks/CoreMIDI.framework/Versions/A/CoreMIDI
0x00007ff822bfa000 	/usr/lib/libAudioToolboxUtility.dylib
0x00007ff91488c000 	/System/Library/PrivateFrameworks/OSAServicesClient.framework/Versions/A/OSAServicesClient
0x00007ff8247a5000 	/usr/lib/libperfcheck.dylib
0x00007ff829b19000 	/System/Library/PrivateFrameworks/BoardServices.framework/Versions/A/BoardServices
0x00007ff821f0c000 	/System/Library/PrivateFrameworks/PlugInKit.framework/Versions/A/PlugInKit
0x00007ff81f5c1000 	/System/Library/PrivateFrameworks/AssertionServices.framework/Versions/A/AssertionServices
0x00007ff925fdb000 	/usr/lib/swift/libswiftMetal.dylib
0x00007ff92a59d000 	/usr/lib/swift/libswiftQuartzCore.dylib
0x00007ff91d2c2000 	/usr/lib/swift/libswiftsimd.dylib
0x00007ff81e054000 	/System/Library/Frameworks/CoreImage.framework/Versions/A/CoreImage
0x00007ffa169dd000 	/System/Library/PrivateFrameworks/Symbolication.framework/Versions/A/Symbolication
0x00007ffb308b4000 	/System/Library/PrivateFrameworks/PhotosensitivityProcessing.framework/Versions/A/PhotosensitivityProcessing
0x00007ffa2c4c0000 	/System/Library/Frameworks/OpenGL.framework/Versions/A/OpenGL
0x00007ffa2d193000 	/System/Library/Frameworks/OpenCL.framework/Versions/A/OpenCL
0x00007ff8221a2000 	/System/Library/PrivateFrameworks/GraphVisualizer.framework/Versions/A/GraphVisualizer
0x00007ffa2c511000 	/System/Library/Frameworks/OpenGL.framework/Versions/A/Libraries/libGLU.dylib
0x00007ffa2c4d3000 	/System/Library/Frameworks/OpenGL.framework/Versions/A/Libraries/libGFXShared.dylib
0x00007ffa2c6cf000 	/System/Library/Frameworks/OpenGL.framework/Versions/A/Libraries/libGL.dylib
0x00007ffa2c4db000 	/System/Library/Frameworks/OpenGL.framework/Versions/A/Libraries/libGLImage.dylib
0x00007ffa2c4d0000 	/System/Library/Frameworks/OpenGL.framework/Versions/A/Libraries/libCVMSPluginSupport.dylib
0x00007ffc25a3a000 	/usr/lib/libRosetta.dylib
0x00007ffa2c4bb000 	/System/Library/Frameworks/OpenGL.framework/Versions/A/Libraries/libCoreVMClient.dylib
0x00007ffb2122c000 	/System/Library/PrivateFrameworks/FontServices.framework/Versions/A/FontServices
0x00007ff817704000 	/System/Library/Frameworks/UniformTypeIdentifiers.framework/Versions/A/UniformTypeIdentifiers
0x00007ff8221b1000 	/System/Library/PrivateFrameworks/OTSVG.framework/Versions/A/OTSVG
0x00007ff81b9ae000 	/System/Library/Frameworks/ApplicationServices.framework/Versions/A/Frameworks/ATS.framework/Versions/A/Resources/libFontRegistry.dylib
0x00007ff822202000 	/System/Library/PrivateFrameworks/FontServices.framework/libhvf.dylib
0x00007ffb2122d000 	/System/Library/PrivateFrameworks/FontServices.framework/libXTFontStaticRegistryData.dylib
0x00007ff81e420000 	/System/Library/Frameworks/MetalPerformanceShaders.framework/Versions/A/Frameworks/MPSCore.framework/Versions/A/MPSCore
0x00007ff81fe25000 	/System/Library/Frameworks/MetalPerformanceShaders.framework/Versions/A/Frameworks/MPSImage.framework/Versions/A/MPSImage
0x00007ff81f72d000 	/System/Library/Frameworks/MetalPerformanceShaders.framework/Versions/A/Frameworks/MPSNeuralNetwork.framework/Versions/A/MPSNeuralNetwork
0x00007ff81fc9c000 	/System/Library/Frameworks/MetalPerformanceShaders.framework/Versions/A/Frameworks/MPSMatrix.framework/Versions/A/MPSMatrix
0x00007ff81fa4e000 	/System/Library/Frameworks/MetalPerformanceShaders.framework/Versions/A/Frameworks/MPSRayIntersector.framework/Versions/A/MPSRayIntersector
0x00007ff81fcdb000 	/System/Library/Frameworks/MetalPerformanceShaders.framework/Versions/A/Frameworks/MPSNDArray.framework/Versions/A/MPSNDArray
0x00007ffb143f1000 	/System/Library/Frameworks/MetalPerformanceShaders.framework/Versions/A/Frameworks/MPSFunctions.framework/Versions/A/MPSFunctions
0x00007ffb143d4000 	/System/Library/Frameworks/MetalPerformanceShaders.framework/Versions/A/Frameworks/MPSBenchmarkLoop.framework/Versions/A/MPSBenchmarkLoop
0x00007ff813240000 	/System/Library/PrivateFrameworks/MetalTools.framework/Versions/A/MetalTools
0x00007ff91e62f000 	/System/Library/PrivateFrameworks/IOAccelMemoryInfo.framework/Versions/A/IOAccelMemoryInfo
0x00007ff92a979000 	/System/Library/PrivateFrameworks/kperf.framework/Versions/A/kperf
0x00007ff919f16000 	/System/Library/PrivateFrameworks/GPURawCounter.framework/Versions/A/GPURawCounter
0x00007ff829f43000 	/System/Library/PrivateFrameworks/CoreSymbolication.framework/Versions/A/CoreSymbolication
0x00007ff919ec6000 	/System/Library/PrivateFrameworks/MallocStackLogging.framework/Versions/A/MallocStackLogging
0x00007ff821db1000 	/System/Library/PrivateFrameworks/CrashReporterSupport.framework/Versions/A/CrashReporterSupport
0x00007ff829f04000 	/System/Library/PrivateFrameworks/DebugSymbols.framework/Versions/A/DebugSymbols
0x00007ff92937e000 	/System/Library/PrivateFrameworks/OSAnalytics.framework/Versions/A/OSAnalytics
0x00007ffc1cd40000 	/System/Library/PrivateFrameworks/VideoToolboxParavirtualizationSupport.framework/Versions/A/VideoToolboxParavirtualizationSupport
0x00007ff821fde000 	/System/Library/PrivateFrameworks/AppleVA.framework/Versions/A/AppleVA
0x00007ff822d24000 	/System/Library/Frameworks/ApplicationServices.framework/Versions/A/Frameworks/ATSUI.framework/Versions/A/ATSUI
0x00007ff8243d0000 	/usr/lib/libcups.2.dylib
0x00007ff8247b4000 	/System/Library/Frameworks/Kerberos.framework/Versions/A/Kerberos
0x00007ff8247c3000 	/System/Library/Frameworks/GSS.framework/Versions/A/GSS
0x00007ff8240e8000 	/usr/lib/libresolv.9.dylib
0x00007ff822214000 	/System/Library/PrivateFrameworks/Heimdal.framework/Versions/A/Heimdal
0x00007ff82bf89000 	/System/Library/Frameworks/Kerberos.framework/Versions/A/Libraries/libHeimdalProxy.dylib
0x00007ff824811000 	/System/Library/PrivateFrameworks/CommonAuth.framework/Versions/A/CommonAuth
0x00007ffa31b0d000 	/System/Library/Frameworks/AVFAudio.framework/Versions/A/AVFAudio
0x00007ff9148d3000 	/System/Library/PrivateFrameworks/AXCoreUtilities.framework/Versions/A/AXCoreUtilities
0x00007ff823e3d000 	/System/Library/Frameworks/AudioToolbox.framework/Versions/A/AudioToolbox
0x00007ffb2b121000 	/System/Library/PrivateFrameworks/IsolatedCoreAudioClient.framework/Versions/A/IsolatedCoreAudioClient
0x00007ff823fb6000 	/System/Library/PrivateFrameworks/AudioSession.framework/Versions/A/AudioSession
0x00007ff825ae8000 	/System/Library/Frameworks/IOBluetooth.framework/Versions/A/IOBluetooth
0x00007ff8220ec000 	/System/Library/PrivateFrameworks/MediaExperience.framework/Versions/A/MediaExperience
0x00007ff823e08000 	/System/Library/PrivateFrameworks/AudioSession.framework/libSessionUtility.dylib
0x00007ff824450000 	/System/Library/PrivateFrameworks/AudioResourceArbitration.framework/Versions/A/AudioResourceArbitration
0x00007ff828bad000 	/System/Library/PrivateFrameworks/PowerLog.framework/Versions/A/PowerLog
0x00007ff819461000 	/System/Library/Frameworks/CoreData.framework/Versions/A/CoreData
0x00007ff828aca000 	/System/Library/Frameworks/CoreBluetooth.framework/Versions/A/CoreBluetooth
0x00007ff82bf8a000 	/System/Library/Frameworks/AudioUnit.framework/Versions/A/AudioUnit
0x00007ff81f433000 	/System/Library/PrivateFrameworks/CoreUtils.framework/Versions/A/CoreUtils
0x00007ffb1f753000 	/System/Library/PrivateFrameworks/CoreUtilsExtras.framework/Versions/A/CoreUtilsExtras
0x00007ffb29c15000 	/System/Library/PrivateFrameworks/IO80211.framework/Versions/A/IO80211
0x00007ff82e2da000 	/System/Library/Frameworks/Cocoa.framework/Versions/A/Cocoa
0x00007ff8160f6000 	/System/Library/Frameworks/AppKit.framework/Versions/C/AppKit
0x00007ff817527000 	/System/Library/PrivateFrameworks/UIFoundation.framework/Versions/A/UIFoundation
0x00007ffb1c4f1000 	/System/Library/PrivateFrameworks/CollectionViewCore.framework/Versions/A/CollectionViewCore
0x00007ff827aa2000 	/System/Library/PrivateFrameworks/RemoteViewServices.framework/Versions/A/RemoteViewServices
0x00007ff81dcdc000 	/System/Library/PrivateFrameworks/XCTTargetBootstrap.framework/Versions/A/XCTTargetBootstrap
0x00007ff822e9a000 	/System/Library/PrivateFrameworks/InternationalSupport.framework/Versions/A/InternationalSupport
0x00007ff822eee000 	/System/Library/PrivateFrameworks/UserActivity.framework/Versions/A/UserActivity
0x00007ffc1e892000 	/System/Library/PrivateFrameworks/WindowManagement.framework/Versions/A/WindowManagement
0x00007ff81dce1000 	/System/Library/PrivateFrameworks/CoreSVG.framework/Versions/A/CoreSVG
0x00007ff82206e000 	/System/Library/PrivateFrameworks/IconServices.framework/Versions/A/IconServices
0x00007ff81dcc9000 	/System/Library/PrivateFrameworks/DFRFoundation.framework/Versions/A/DFRFoundation
0x00007ff822ea9000 	/System/Library/PrivateFrameworks/DataDetectorsCore.framework/Versions/A/DataDetectorsCore
0x00007ff91d360000 	/System/Library/PrivateFrameworks/TextInput.framework/Versions/A/TextInput
0x00007ff81da2e000 	/System/Library/Frameworks/Carbon.framework/Versions/A/Frameworks/HIToolbox.framework/Versions/A/HIToolbox
0x00007ff827ada000 	/System/Library/Frameworks/Carbon.framework/Versions/A/Frameworks/SpeechRecognition.framework/Versions/A/SpeechRecognition
0x00007ff81b9fa000 	/System/Library/PrivateFrameworks/CoreUI.framework/Versions/A/CoreUI
0x00007ff912c10000 	/System/Library/PrivateFrameworks/RenderBox.framework/Versions/A/RenderBox
0x00007ff81bc5f000 	/System/Library/PrivateFrameworks/PerformanceAnalysis.framework/Versions/A/PerformanceAnalysis
0x00007ff827e2b000 	/System/Library/Frameworks/Accessibility.framework/Versions/A/Accessibility
0x00007ffb126db000 	/System/Library/Frameworks/CoreTransferable.framework/Versions/A/CoreTransferable
0x00007ffb12ae0000 	/System/Library/Frameworks/DeveloperToolsSupport.framework/Versions/A/DeveloperToolsSupport
0x00007ffb16e74000 	/System/Library/Frameworks/Symbols.framework/Versions/A/Symbols
0x00007ff917b7b000 	/usr/lib/swift/libswiftCoreGraphics.dylib
0x00007ff919f60000 	/usr/lib/swift/libswiftCoreImage.dylib
0x00007ffa136a5000 	/usr/lib/swift/libswiftOSLog.dylib
0x00007ff92e6ab000 	/usr/lib/swift/libswiftUniformTypeIdentifiers.dylib
0x00007ff822dda000 	/System/Library/PrivateFrameworks/TextureIO.framework/Versions/A/TextureIO
0x00007ff829a5b000 	/System/Library/PrivateFrameworks/FrontBoardServices.framework/Versions/A/FrontBoardServices
0x00007ff82b56e000 	/System/Library/PrivateFrameworks/BackBoardServices.framework/Versions/A/BackBoardServices
0x00007ff822050000 	/System/Library/PrivateFrameworks/IconFoundation.framework/Versions/A/IconFoundation
0x00007ff827aca000 	/System/Library/PrivateFrameworks/SpeechRecognitionCore.framework/Versions/A/SpeechRecognitionCore
0x00007ff9148ec000 	/usr/lib/libAccessibility.dylib
0x00007ff8281c0000 	/System/Library/Frameworks/MediaAccessibility.framework/Versions/A/MediaAccessibility
0x00007ffa1a364000 	/System/Library/Frameworks/OSLog.framework/Versions/A/OSLog
0x00007ff919e51000 	/System/Library/PrivateFrameworks/LoggingSupport.framework/Versions/A/LoggingSupport
0x000000010bf35000 	/Users/kevinugbaja/.p2/pool/plugins/org.eclipse.justj.openjdk.hotspot.jre.full.macosx.x86_64_23.0.0.v20240919-1706/jre/lib/server/libjvm.dylib
0x000000010a757000 	/Users/kevinugbaja/.p2/pool/plugins/org.eclipse.justj.openjdk.hotspot.jre.full.macosx.x86_64_23.0.0.v20240919-1706/jre/lib/libjimage.dylib
0x000000010a7a7000 	/Users/kevinugbaja/.p2/pool/plugins/org.eclipse.justj.openjdk.hotspot.jre.full.macosx.x86_64_23.0.0.v20240919-1706/jre/lib/libjava.dylib
0x000000010b498000 	/Users/kevinugbaja/.p2/pool/plugins/org.eclipse.justj.openjdk.hotspot.jre.full.macosx.x86_64_23.0.0.v20240919-1706/jre/lib/libzip.dylib
0x000000010b5a4000 	/Users/kevinugbaja/.p2/pool/plugins/org.eclipse.justj.openjdk.hotspot.jre.full.macosx.x86_64_23.0.0.v20240919-1706/jre/lib/libnio.dylib
0x000000010b5e3000 	/Users/kevinugbaja/.p2/pool/plugins/org.eclipse.justj.openjdk.hotspot.jre.full.macosx.x86_64_23.0.0.v20240919-1706/jre/lib/libnet.dylib
0x000000010b6d8000 	/Users/kevinugbaja/.p2/pool/plugins/org.eclipse.justj.openjdk.hotspot.jre.full.macosx.x86_64_23.0.0.v20240919-1706/jre/lib/libawt.dylib
0x00007ffb137f9000 	/System/Library/Frameworks/JavaRuntimeSupport.framework/Versions/A/JavaRuntimeSupport
0x00007ff918c37000 	/System/Library/Frameworks/Carbon.framework/Versions/A/Carbon
0x00007ff830238000 	/System/Library/Frameworks/Carbon.framework/Versions/A/Frameworks/CommonPanels.framework/Versions/A/CommonPanels
0x00007ff82b89a000 	/System/Library/Frameworks/Carbon.framework/Versions/A/Frameworks/Help.framework/Versions/A/Help
0x00007ff83023c000 	/System/Library/Frameworks/Carbon.framework/Versions/A/Frameworks/ImageCapture.framework/Versions/A/ImageCapture
0x00007ff830219000 	/System/Library/Frameworks/Carbon.framework/Versions/A/Frameworks/OpenScripting.framework/Versions/A/OpenScripting
0x00007ff830237000 	/System/Library/Frameworks/Carbon.framework/Versions/A/Frameworks/Ink.framework/Versions/A/Ink
0x00007ff830234000 	/System/Library/Frameworks/Carbon.framework/Versions/A/Frameworks/SecurityHI.framework/Versions/A/SecurityHI
0x000000010b983000 	/Users/kevinugbaja/.p2/pool/plugins/org.eclipse.justj.openjdk.hotspot.jre.full.macosx.x86_64_23.0.0.v20240919-1706/jre/lib/libawt_lwawt.dylib
0x000000010b665000 	/Users/kevinugbaja/.p2/pool/plugins/org.eclipse.justj.openjdk.hotspot.jre.full.macosx.x86_64_23.0.0.v20240919-1706/jre/lib/libosxapp.dylib
0x00007ff917be9000 	/System/Library/Frameworks/ExceptionHandling.framework/Versions/A/ExceptionHandling
0x0000000125b35000 	/Users/kevinugbaja/.p2/pool/plugins/org.eclipse.justj.openjdk.hotspot.jre.full.macosx.x86_64_23.0.0.v20240919-1706/jre/lib/libfontmanager.dylib
0x000000010bc55000 	/Users/kevinugbaja/.p2/pool/plugins/org.eclipse.justj.openjdk.hotspot.jre.full.macosx.x86_64_23.0.0.v20240919-1706/jre/lib/libfreetype.dylib
0x00007ff82918f000 	/System/Library/Frameworks/FileProvider.framework/Versions/A/FileProvider
0x00007ff819ab6000 	/System/Library/Frameworks/Accounts.framework/Versions/A/Accounts
0x00007ff829345000 	/System/Library/PrivateFrameworks/GenerationalStorage.framework/Versions/A/GenerationalStorage
0x00007ff828ba2000 	/System/Library/PrivateFrameworks/SymptomDiagnosticReporter.framework/Versions/A/SymptomDiagnosticReporter
0x00007ff81771a000 	/System/Library/PrivateFrameworks/DesktopServicesPriv.framework/Versions/A/DesktopServicesPriv
0x00007ff8160a1000 	/usr/lib/libsandbox.1.dylib
0x00007ff824433000 	/System/Library/PrivateFrameworks/NetAuth.framework/Versions/A/NetAuth
0x00007ff825790000 	/System/Library/PrivateFrameworks/Sharing.framework/Versions/A/Sharing
0x00007ff81be45000 	/System/Library/PrivateFrameworks/login.framework/Versions/A/Frameworks/loginsupport.framework/Versions/A/loginsupport
0x00007ff82b3c0000 	/System/Library/PrivateFrameworks/Apple80211.framework/Versions/A/Apple80211
0x00007ff81ffdb000 	/System/Library/PrivateFrameworks/AuthKit.framework/Versions/A/AuthKit
0x00007ff82b3c1000 	/System/Library/PrivateFrameworks/CoreWiFi.framework/Versions/A/CoreWiFi
0x00007ff81f3ba000 	/System/Library/Frameworks/CoreWLAN.framework/Versions/A/CoreWLAN
0x00007ff919f19000 	/usr/lib/swift/libswiftCoreAudio.dylib
0x00007ff91f414000 	/usr/lib/swift/libswiftCoreLocation.dylib
0x00007ff821da8000 	/usr/lib/libIOReport.dylib
0x00007ffa20f44000 	/System/Library/PrivateFrameworks/WiFiPeerToPeer.framework/Versions/A/WiFiPeerToPeer
0x00007ff820188000 	/System/Library/Frameworks/UserNotifications.framework/Versions/A/UserNotifications
0x00007ff824950000 	/System/Library/PrivateFrameworks/CorePhoneNumbers.framework/Versions/A/CorePhoneNumbers
0x00007ff824114000 	/System/Library/PrivateFrameworks/MultiverseSupport.framework/Versions/A/MultiverseSupport
0x00007ff82b7ed000 	/System/Library/PrivateFrameworks/RemoteServiceDiscovery.framework/Versions/A/RemoteServiceDiscovery
0x00007ff828cbc000 	/System/Library/PrivateFrameworks/DiskManagement.framework/Versions/A/DiskManagement
0x00007ff828bd5000 	/System/Library/PrivateFrameworks/AppleIDAuthSupport.framework/Versions/A/AppleIDAuthSupport
0x00007ffb17f25000 	/System/Library/PrivateFrameworks/AAAFoundation.framework/Versions/A/AAAFoundation
0x00007ff824924000 	/System/Library/PrivateFrameworks/KeychainCircle.framework/Versions/A/KeychainCircle
0x00007ff82b7fe000 	/System/Library/PrivateFrameworks/RemoteXPC.framework/Versions/A/RemoteXPC
0x00007ff82b8a2000 	/usr/lib/libcsfde.dylib
0x00007ff821f56000 	/usr/lib/libCoreStorage.dylib
0x00007ff828c89000 	/System/Library/PrivateFrameworks/MediaKit.framework/Versions/A/MediaKit
0x00007ff828be1000 	/System/Library/Frameworks/DiscRecording.framework/Versions/A/DiscRecording
0x00007ff825bbd000 	/System/Library/PrivateFrameworks/ProtectedCloudStorage.framework/Versions/A/ProtectedCloudStorage
0x00007ff82b89e000 	/System/Library/PrivateFrameworks/EFILogin.framework/Versions/A/EFILogin
0x00007ff82936d000 	/System/Library/PrivateFrameworks/OctagonTrust.framework/Versions/A/OctagonTrust
0x00007ff81d3ea000 	/System/Library/Frameworks/CoreLocation.framework/Versions/A/CoreLocation
0x00007ff825e1a000 	/System/Library/PrivateFrameworks/GeoServices.framework/Versions/A/GeoServices
0x00007ff823dd4000 	/System/Library/PrivateFrameworks/LocationSupport.framework/Versions/A/LocationSupport
0x00007ffb26940000 	/System/Library/PrivateFrameworks/GeoServicesCore.framework/Versions/A/GeoServicesCore
0x00007ff9148ca000 	/System/Library/PrivateFrameworks/PhoneNumbers.framework/Versions/A/PhoneNumbers
0x00007ff821f4e000 	/usr/lib/libMatch.1.dylib
0x00007ff922b35000 	/System/Library/CoreServices/RawCamera.bundle/Contents/MacOS/RawCamera
0x00007ff824821000 	/System/Library/PrivateFrameworks/MobileAsset.framework/Versions/A/MobileAsset
0x00007ffb19c6d000 	/System/Library/PrivateFrameworks/AppleJPEGXL.framework/Versions/A/AppleJPEGXL
0x00007ff91fd7d000 	/System/Library/PrivateFrameworks/SoftwareUpdateCoreSupport.framework/Versions/A/SoftwareUpdateCoreSupport
0x00007ff927466000 	/System/Library/PrivateFrameworks/SoftwareUpdateCoreConnect.framework/Versions/A/SoftwareUpdateCoreConnect
0x00007ff82bfa9000 	/System/Library/PrivateFrameworks/StreamingZip.framework/Versions/A/StreamingZip
0x00007ff91fa10000 	/System/Library/PrivateFrameworks/MSUDataAccessor.framework/Versions/A/MSUDataAccessor
0x00007ff91ba7c000 	/usr/lib/libbootpolicy.dylib
0x00007ff92e88c000 	/usr/lib/libpartition2_dynamic.dylib
0x00007ffb1b5af000 	/System/Library/PrivateFrameworks/CMPhoto.framework/Versions/A/CMPhoto
0x00007ff829dd8000 	/System/Library/PrivateFrameworks/AppleVPA.framework/Versions/A/AppleVPA
0x00007ff822f5a000 	/System/Library/Frameworks/MediaToolbox.framework/Versions/A/MediaToolbox
0x00007ff829161000 	/System/Library/PrivateFrameworks/CoreAVCHD.framework/Versions/A/CoreAVCHD
0x00007ff82915d000 	/System/Library/PrivateFrameworks/Mangrove.framework/Versions/A/Mangrove
0x00007ff8296fa000 	/System/Library/Frameworks/CoreTelephony.framework/Versions/A/CoreTelephony
0x00007ff828da2000 	/System/Library/PrivateFrameworks/CoreAUC.framework/Versions/A/CoreAUC
0x00007ff824959000 	/usr/lib/libTelephonyUtilDynamic.dylib
0x00007ff91f3f7000 	/System/Library/Frameworks/Accelerate.framework/Versions/A/Frameworks/vImage.framework/Versions/A/Libraries/libCGInterfaces.dylib
0x000000010bef7000 	/usr/lib/libobjc-trampolines.dylib
0x00007ffc257bd000 	/usr/lib/libAccessibilityBaseImplementations.dylib
0x00007ffa2e05c000 	/System/Library/Extensions/AGXMetalG14G.bundle/Contents/MacOS/AGXMetalG14G
0x00007ff913829000 	/System/Library/PrivateFrameworks/IOGPU.framework/Versions/A/IOGPU
0x00007ff8222ca000 	/System/Library/PrivateFrameworks/login.framework/Versions/A/login
0x00007ff829c2b000 	/System/Library/Frameworks/LocalAuthentication.framework/Versions/A/LocalAuthentication
0x00007ffb2b842000 	/System/Library/PrivateFrameworks/LocalAuthenticationCore.framework/Versions/A/LocalAuthenticationCore
0x00007ff829c71000 	/System/Library/Frameworks/LocalAuthentication.framework/Support/SharedUtils.framework/Versions/A/SharedUtils
0x00007ff829bc9000 	/System/Library/Frameworks/CryptoTokenKit.framework/Versions/A/CryptoTokenKit
0x00007ff81bb5a000 	/System/Library/PrivateFrameworks/ViewBridge.framework/Versions/A/ViewBridge
0x00007ffc19431000 	/System/Library/PrivateFrameworks/TextInputUI.framework/Versions/A/TextInputUI
0x00007ffc19437000 	/System/Library/PrivateFrameworks/TextInputUIMacHelper.framework/Versions/A/TextInputUIMacHelper


VM Arguments:
jvm_args: -Dfile.encoding=UTF-8 -Dstdout.encoding=UTF-8 -Dstderr.encoding=UTF-8 -XX:+ShowCodeDetailsInExceptionMessages 
java_command: game.YourGameName
java_class_path (initial): /Users/kevinugbaja/eclipse-workspace/Semester2/YOURGAMENAMEHERE/bin
Launcher Type: SUN_STANDARD

[Global flags]
     intx CICompilerCount                          = 4                                         {product} {ergonomic}
     uint ConcGCThreads                            = 2                                         {product} {ergonomic}
     uint G1ConcRefinementThreads                  = 8                                         {product} {ergonomic}
   size_t G1HeapRegionSize                         = 1048576                                   {product} {ergonomic}
   size_t InitialHeapSize                          = 134217728                                 {product} {ergonomic}
   size_t MarkStackSize                            = 4194304                                   {product} {ergonomic}
   size_t MarkStackSizeMax                         = 536870912                                 {product} {ergonomic}
   size_t MaxHeapSize                              = 2147483648                                {product} {ergonomic}
   size_t MaxNewSize                               = 1287651328                                {product} {ergonomic}
   size_t MinHeapDeltaBytes                        = 1048576                                   {product} {ergonomic}
   size_t MinHeapSize                              = 8388608                                   {product} {ergonomic}
    uintx NonNMethodCodeHeapSize                   = 5836800                                {pd product} {ergonomic}
    uintx NonProfiledCodeHeapSize                  = 122912768                              {pd product} {ergonomic}
    uintx ProfiledCodeHeapSize                     = 122908672                              {pd product} {ergonomic}
    uintx ReservedCodeCacheSize                    = 251658240                              {pd product} {ergonomic}
     bool SegmentedCodeCache                       = true                                      {product} {ergonomic}
     bool ShowCodeDetailsInExceptionMessages       = true                                   {manageable} {command line}
   size_t SoftMaxHeapSize                          = 2147483648                             {manageable} {ergonomic}
     bool UseCompressedOops                        = true                           {product lp64_product} {ergonomic}
     bool UseG1GC                                  = true                                      {product} {ergonomic}
     bool UseNUMA                                  = false                                     {product} {ergonomic}
     bool UseNUMAInterleaving                      = false                                     {product} {ergonomic}

Logging:
Log output configuration:
 #0: stdout all=warning uptime,level,tags foldmultilines=false
 #1: stderr all=off uptime,level,tags foldmultilines=false

Environment Variables:
PATH=/usr/bin:/bin:/usr/sbin:/sbin
SHELL=/bin/zsh
TMPDIR=/var/folders/lp/5w2_yzz130b5gym_866f0qx80000gn/T/

Active Locale:
LC_ALL=C
LC_COLLATE=C
LC_CTYPE=C
LC_MESSAGES=C
LC_MONETARY=C
LC_NUMERIC=C
LC_TIME=C

Signal Handlers:
   SIGSEGV: crash_handler in libjvm.dylib, mask=11100110100111111111111111111111, flags=SA_ONSTACK|SA_RESTART|SA_SIGINFO, unblocked
    SIGBUS: crash_handler in libjvm.dylib, mask=11100110100111111111111111111111, flags=SA_RESTART|SA_SIGINFO, unblocked
    SIGFPE: crash_handler in libjvm.dylib, mask=11100110100111111111111111111111, flags=SA_RESTART|SA_SIGINFO, unblocked
   SIGPIPE: javaSignalHandler in libjvm.dylib, mask=11100110100111111111111111111111, flags=SA_RESTART|SA_SIGINFO, blocked
   SIGXFSZ: javaSignalHandler in libjvm.dylib, mask=11100110100111111111111111111111, flags=SA_RESTART|SA_SIGINFO, blocked
    SIGILL: crash_handler in libjvm.dylib, mask=11100110100111111111111111111111, flags=SA_RESTART|SA_SIGINFO, unblocked
   SIGUSR2: SR_handler in libjvm.dylib, mask=00000000000000000000000000000000, flags=SA_RESTART|SA_SIGINFO, blocked
    SIGHUP: UserHandler in libjvm.dylib, mask=11100110100111111111111111111111, flags=SA_RESTART|SA_SIGINFO, blocked
    SIGINT: UserHandler in libjvm.dylib, mask=11100110100111111111111111111111, flags=SA_RESTART|SA_SIGINFO, blocked
   SIGTERM: UserHandler in libjvm.dylib, mask=11100110100111111111111111111111, flags=SA_RESTART|SA_SIGINFO, blocked
   SIGQUIT: UserHandler in libjvm.dylib, mask=11100110100111111111111111111111, flags=SA_RESTART|SA_SIGINFO, blocked
   SIGTRAP: crash_handler in libjvm.dylib, mask=11100110100111111111111111111111, flags=SA_RESTART|SA_SIGINFO, unblocked


Periodic native trim disabled

---------------  S Y S T E M  ---------------

OS:
uname: Darwin 23.6.0 Darwin Kernel Version 23.6.0: Wed Jul 31 20:53:05 PDT 2024; root:xnu-10063.141.1.700.5~1/RELEASE_ARM64_T8112 x86_64
OS uptime: 21 days 20:24 hours
rlimit (soft/hard): STACK 8176k/65520k , CORE 0k/infinity , NPROC 1333/2000 , NOFILE 2147483647/infinity , AS infinity/infinity , CPU infinity/infinity , DATA infinity/infinity , FSIZE infinity/infinity , MEMLOCK infinity/infinity , RSS infinity/infinity
load average: 33.25 23.38 12.27

CPU: (EMULATED) total 8 (initial active 8) (1 cores per cpu, 1 threads per core) family 6 model 44 stepping 0 microcode 0x0, cx8, cmov, fxsr, mmx, sse, sse2, sse3, ssse3, sse4.1, sse4.2, popcnt, tsc, tscinvbit, aes, clmul, clflush, rdtscp
machdep.cpu.brand_string:Apple M2
hw.cpufrequency:2400000000
hw.cpufrequency_min:2400000000
hw.cpufrequency_max:2400000000
hw.cachelinesize:64
hw.l1icachesize:131072
hw.l1dcachesize:65536
hw.l2cachesize:4194304

Memory: 4k page, physical 8388608k(37256k free), swap 14680064k(1678784k free)

vm_info: OpenJDK 64-Bit Server VM (23+37) for bsd-amd64 JRE (23+37), built on 2024-09-17T00:00:00Z with clang Apple LLVM 15.0.0 (clang-1500.1.0.2.5)

END.
